{"meta": {"format": 3, "version": "7.13.1", "timestamp": "2026-01-05T23:11:11.263577", "branch_coverage": false, "show_contexts": false}, "files": {"app.py": {"executed_lines": [15, 16, 18, 19, 21, 22, 23, 26, 27, 28, 29, 36, 46, 47, 50, 51, 52, 54, 55, 57, 59, 61, 63, 65, 66, 70, 71, 74, 77, 78, 84, 85, 86, 87, 88, 89, 90, 91, 92, 93, 94, 95, 96, 97, 98, 99, 100, 101, 102, 103, 104, 106, 107, 108, 109, 110, 111, 112, 113, 114, 115, 116, 117, 118, 119, 120, 121, 122, 123, 124, 125, 126, 127, 128, 131, 134, 139, 142, 145, 146, 149, 152, 153, 154, 155, 162, 163, 164, 172, 173], "summary": {"covered_lines": 90, "num_statements": 94, "percent_covered": 95.74468085106383, "percent_covered_display": "96", "missing_lines": 4, "excluded_lines": 10, "percent_statements_covered": 95.74468085106383, "percent_statements_covered_display": "96"}, "missing_lines": [157, 158, 175, 176], "excluded_lines": [184, 185, 186, 191, 192, 194, 196, 197, 198, 200], "functions": {"set_sqlite_pragma": {"executed_lines": [57, 59, 61, 63, 65, 66], "summary": {"covered_lines": 6, "num_statements": 6, "percent_covered": 100.0, "percent_covered_display": "100", "missing_lines": 0, "excluded_lines": 0, "percent_statements_covered": 100.0, "percent_statements_covered_display": "100"}, "missing_lines": [], "excluded_lines": [], "start_line": 55}, "_ensure_scheduler_started": {"executed_lines": [145, 146, 149, 152, 153, 154, 155], "summary": {"covered_lines": 7, "num_statements": 9, "percent_covered": 77.77777777777777, "percent_covered_display": "78", "missing_lines": 2, "excluded_lines": 0, "percent_statements_covered": 77.77777777777777, "percent_statements_covered_display": "78"}, "missing_lines": [157, 158], "excluded_lines": [], "start_line": 142}, "before_request": {"executed_lines": [164], "summary": {"covered_lines": 1, "num_statements": 1, "percent_covered": 100.0, "percent_covered_display": "100", "missing_lines": 0, "excluded_lines": 0, "percent_statements_covered": 100.0, "percent_statements_covered_display": "100"}, "missing_lines": [], "excluded_lines": [], "start_line": 163}, "init_db": {"executed_lines": [], "summary": {"covered_lines": 0, "num_statements": 2, "percent_covered": 0.0, "percent_covered_display": "0", "missing_lines": 2, "excluded_lines": 0, "percent_statements_covered": 0.0, "percent_statements_covered_display": "0"}, "missing_lines": [175, 176], "excluded_lines": [], "start_line": 173}, "": {"executed_lines": [15, 16, 18, 19, 21, 22, 23, 26, 27, 28, 29, 36, 46, 47, 50, 51, 52, 54, 55, 70, 71, 74, 77, 78, 84, 85, 86, 87, 88, 89, 90, 91, 92, 93, 94, 95, 96, 97, 98, 99, 100, 101, 102, 103, 104, 106, 107, 108, 109, 110, 111, 112, 113, 114, 115, 116, 117, 118, 119, 120, 121, 122, 123, 124, 125, 126, 127, 128, 131, 134, 139, 142, 162, 163, 172, 173], "summary": {"covered_lines": 76, "num_statements": 76, "percent_covered": 100.0, "percent_covered_display": "100", "missing_lines": 0, "excluded_lines": 10, "percent_statements_covered": 100.0, "percent_statements_covered_display": "100"}, "missing_lines": [], "excluded_lines": [184, 185, 186, 191, 192, 194, 196, 197, 198, 200], "start_line": 1}}, "classes": {"": {"executed_lines": [15, 16, 18, 19, 21, 22, 23, 26, 27, 28, 29, 36, 46, 47, 50, 51, 52, 54, 55, 57, 59, 61, 63, 65, 66, 70, 71, 74, 77, 78, 84, 85, 86, 87, 88, 89, 90, 91, 92, 93, 94, 95, 96, 97, 98, 99, 100, 101, 102, 103, 104, 106, 107, 108, 109, 110, 111, 112, 113, 114, 115, 116, 117, 118, 119, 120, 121, 122, 123, 124, 125, 126, 127, 128, 131, 134, 139, 142, 145, 146, 149, 152, 153, 154, 155, 162, 163, 164, 172, 173], "summary": {"covered_lines": 90, "num_statements": 94, "percent_covered": 95.74468085106383, "percent_covered_display": "96", "missing_lines": 4, "excluded_lines": 10, "percent_statements_covered": 95.74468085106383, "percent_statements_covered_display": "96"}, "missing_lines": [157, 158, 175, 176], "excluded_lines": [184, 185, 186, 191, 192, 194, 196, 197, 198, 200], "start_line": 1}}}, "clean_calendar_cache.py": {"executed_lines": [], "summary": {"covered_lines": 0, "num_statements": 44, "percent_covered": 0.0, "percent_covered_display": "0", "missing_lines": 44, "excluded_lines": 9, "percent_statements_covered": 0.0, "percent_statements_covered_display": "0"}, "missing_lines": [8, 9, 10, 11, 12, 14, 15, 17, 20, 30, 31, 32, 35, 36, 38, 39, 42, 43, 45, 46, 47, 49, 50, 52, 54, 64, 67, 68, 73, 74, 77, 86, 87, 89, 90, 91, 92, 94, 96, 98, 99, 100, 102, 104], "excluded_lines": [107, 108, 110, 111, 116, 118, 120, 121, 123], "functions": {"clean_calendar_cache": {"executed_lines": [], "summary": {"covered_lines": 0, "num_statements": 35, "percent_covered": 0.0, "percent_covered_display": "0", "missing_lines": 35, "excluded_lines": 0, "percent_statements_covered": 0.0, "percent_statements_covered_display": "0"}, "missing_lines": [30, 31, 32, 35, 36, 38, 39, 42, 43, 45, 46, 47, 49, 50, 52, 54, 64, 67, 68, 73, 74, 77, 86, 87, 89, 90, 91, 92, 94, 96, 98, 99, 100, 102, 104], "excluded_lines": [], "start_line": 20}, "": {"executed_lines": [], "summary": {"covered_lines": 0, "num_statements": 9, "percent_covered": 0.0, "percent_covered_display": "0", "missing_lines": 9, "excluded_lines": 9, "percent_statements_covered": 0.0, "percent_statements_covered_display": "0"}, "missing_lines": [8, 9, 10, 11, 12, 14, 15, 17, 20], "excluded_lines": [107, 108, 110, 111, 116, 118, 120, 121, 123], "start_line": 1}}, "classes": {"": {"executed_lines": [], "summary": {"covered_lines": 0, "num_statements": 44, "percent_covered": 0.0, "percent_covered_display": "0", "missing_lines": 44, "excluded_lines": 9, "percent_statements_covered": 0.0, "percent_statements_covered_display": "0"}, "missing_lines": [8, 9, 10, 11, 12, 14, 15, 17, 20, 30, 31, 32, 35, 36, 38, 39, 42, 43, 45, 46, 47, 49, 50, 52, 54, 64, 67, 68, 73, 74, 77, 86, 87, 89, 90, 91, 92, 94, 96, 98, 99, 100, 102, 104], "excluded_lines": [107, 108, 110, 111, 116, 118, 120, 121, 123], "start_line": 1}}}, "cleanup_low_confidence_matches.py": {"executed_lines": [], "summary": {"covered_lines": 0, "num_statements": 53, "percent_covered": 0.0, "percent_covered_display": "0", "missing_lines": 53, "excluded_lines": 2, "percent_statements_covered": 0.0, "percent_statements_covered_display": "0"}, "missing_lines": [11, 12, 13, 16, 25, 26, 28, 30, 31, 33, 34, 35, 38, 57, 60, 61, 62, 63, 65, 66, 67, 69, 71, 72, 73, 76, 89, 90, 91, 94, 104, 105, 106, 107, 108, 110, 112, 113, 114, 115, 117, 120, 122, 124, 143, 148, 154, 160, 163, 164, 165, 166, 168], "excluded_lines": [175, 176], "functions": {"cleanup_low_confidence_matches": {"executed_lines": [], "summary": {"covered_lines": 0, "num_statements": 37, "percent_covered": 0.0, "percent_covered_display": "0", "missing_lines": 37, "excluded_lines": 0, "percent_statements_covered": 0.0, "percent_statements_covered_display": "0"}, "missing_lines": [25, 26, 28, 30, 31, 33, 34, 35, 38, 57, 60, 61, 62, 63, 65, 66, 67, 69, 71, 72, 73, 76, 89, 90, 91, 94, 104, 105, 106, 107, 108, 110, 112, 113, 114, 115, 117], "excluded_lines": [], "start_line": 16}, "main": {"executed_lines": [], "summary": {"covered_lines": 0, "num_statements": 11, "percent_covered": 0.0, "percent_covered_display": "0", "missing_lines": 11, "excluded_lines": 0, "percent_statements_covered": 0.0, "percent_statements_covered_display": "0"}, "missing_lines": [122, 124, 143, 148, 154, 160, 163, 164, 165, 166, 168], "excluded_lines": [], "start_line": 120}, "": {"executed_lines": [], "summary": {"covered_lines": 0, "num_statements": 5, "percent_covered": 0.0, "percent_covered_display": "0", "missing_lines": 5, "excluded_lines": 2, "percent_statements_covered": 0.0, "percent_statements_covered_display": "0"}, "missing_lines": [11, 12, 13, 16, 120], "excluded_lines": [175, 176], "start_line": 1}}, "classes": {"": {"executed_lines": [], "summary": {"covered_lines": 0, "num_statements": 53, "percent_covered": 0.0, "percent_covered_display": "0", "missing_lines": 53, "excluded_lines": 2, "percent_statements_covered": 0.0, "percent_statements_covered_display": "0"}, "missing_lines": [11, 12, 13, 16, 25, 26, 28, 30, 31, 33, 34, 35, 38, 57, 60, 61, 62, 63, 65, 66, 67, 69, 71, 72, 73, 76, 89, 90, 91, 94, 104, 105, 106, 107, 108, 110, 112, 113, 114, 115, 117, 120, 122, 124, 143, 148, 154, 160, 163, 164, 165, 166, 168], "excluded_lines": [175, 176], "start_line": 1}}}, "error_handling.py": {"executed_lines": [10, 11, 12, 14, 15, 17, 25, 37, 39, 40, 42, 45, 56, 64, 87, 88, 89, 90, 91, 92, 94, 95, 97, 98, 99, 100, 101, 103, 105, 107, 108, 109, 110, 111, 113, 115, 117, 118, 119, 120, 121, 122, 126, 128, 129, 130, 131, 132, 136, 138, 139, 140, 141, 142, 144, 146, 148, 149, 150, 151, 152, 154, 156, 158, 159, 160, 161, 162, 166, 168, 169, 173, 175, 176, 177, 178, 183, 184, 185, 189, 191, 199, 202, 205, 208, 211, 214, 217, 220, 228, 236, 237, 239, 241, 242, 244, 246, 247, 249, 251, 252, 254, 257, 260, 262, 263, 265, 273, 284, 286, 288, 289, 291, 293, 294, 298, 299], "summary": {"covered_lines": 117, "num_statements": 123, "percent_covered": 95.1219512195122, "percent_covered_display": "95", "missing_lines": 6, "excluded_lines": 0, "percent_statements_covered": 95.1219512195122, "percent_statements_covered_display": "95"}, "missing_lines": [124, 134, 164, 180, 187, 258], "excluded_lines": [], "functions": {"error_response": {"executed_lines": [37, 39, 40, 42], "summary": {"covered_lines": 4, "num_statements": 4, "percent_covered": 100.0, "percent_covered_display": "100", "missing_lines": 0, "excluded_lines": 0, "percent_statements_covered": 100.0, "percent_statements_covered_display": "100"}, "missing_lines": [], "excluded_lines": [], "start_line": 25}, "text_error_response": {"executed_lines": [56], "summary": {"covered_lines": 1, "num_statements": 1, "percent_covered": 100.0, "percent_covered_display": "100", "missing_lines": 0, "excluded_lines": 0, "percent_statements_covered": 100.0, "percent_statements_covered_display": "100"}, "missing_lines": [], "excluded_lines": [], "start_line": 45}, "handle_errors": {"executed_lines": [87, 88, 191], "summary": {"covered_lines": 3, "num_statements": 3, "percent_covered": 100.0, "percent_covered_display": "100", "missing_lines": 0, "excluded_lines": 0, "percent_statements_covered": 100.0, "percent_statements_covered_display": "100"}, "missing_lines": [], "excluded_lines": [], "start_line": 64}, "handle_errors.decorator": {"executed_lines": [89, 189], "summary": {"covered_lines": 2, "num_statements": 2, "percent_covered": 100.0, "percent_covered_display": "100", "missing_lines": 0, "excluded_lines": 0, "percent_statements_covered": 100.0, "percent_statements_covered_display": "100"}, "missing_lines": [], "excluded_lines": [], "start_line": 87}, "handle_errors.decorator.wrapper": {"executed_lines": [90, 91, 92, 94, 95, 97, 98, 99, 100, 101, 103, 105, 107, 108, 109, 110, 111, 113, 115, 117, 118, 119, 120, 121, 122, 126, 128, 129, 130, 131, 132, 136, 138, 139, 140, 141, 142, 144, 146, 148, 149, 150, 151, 152, 154, 156, 158, 159, 160, 161, 162, 166, 168, 169, 173, 175, 176, 177, 178, 183, 184, 185], "summary": {"covered_lines": 62, "num_statements": 67, "percent_covered": 92.53731343283582, "percent_covered_display": "93", "missing_lines": 5, "excluded_lines": 0, "percent_statements_covered": 92.53731343283582, "percent_statements_covered_display": "93"}, "missing_lines": [124, 134, 164, 180, 187], "excluded_lines": [], "start_line": 89}, "register_error_handlers": {"executed_lines": [236, 237, 241, 242, 246, 247, 251, 252, 262, 263], "summary": {"covered_lines": 10, "num_statements": 10, "percent_covered": 100.0, "percent_covered_display": "100", "missing_lines": 0, "excluded_lines": 0, "percent_statements_covered": 100.0, "percent_statements_covered_display": "100"}, "missing_lines": [], "excluded_lines": [], "start_line": 228}, "register_error_handlers.not_found": {"executed_lines": [239], "summary": {"covered_lines": 1, "num_statements": 1, "percent_covered": 100.0, "percent_covered_display": "100", "missing_lines": 0, "excluded_lines": 0, "percent_statements_covered": 100.0, "percent_statements_covered_display": "100"}, "missing_lines": [], "excluded_lines": [], "start_line": 237}, "register_error_handlers.forbidden": {"executed_lines": [244], "summary": {"covered_lines": 1, "num_statements": 1, "percent_covered": 100.0, "percent_covered_display": "100", "missing_lines": 0, "excluded_lines": 0, "percent_statements_covered": 100.0, "percent_statements_covered_display": "100"}, "missing_lines": [], "excluded_lines": [], "start_line": 242}, "register_error_handlers.bad_request": {"executed_lines": [249], "summary": {"covered_lines": 1, "num_statements": 1, "percent_covered": 100.0, "percent_covered_display": "100", "missing_lines": 0, "excluded_lines": 0, "percent_statements_covered": 100.0, "percent_statements_covered_display": "100"}, "missing_lines": [], "excluded_lines": [], "start_line": 247}, "register_error_handlers.internal_error": {"executed_lines": [254, 257, 260], "summary": {"covered_lines": 3, "num_statements": 4, "percent_covered": 75.0, "percent_covered_display": "75", "missing_lines": 1, "excluded_lines": 0, "percent_statements_covered": 75.0, "percent_statements_covered_display": "75"}, "missing_lines": [258], "excluded_lines": [], "start_line": 252}, "register_error_handlers.service_unavailable": {"executed_lines": [265], "summary": {"covered_lines": 1, "num_statements": 1, "percent_covered": 100.0, "percent_covered_display": "100", "missing_lines": 0, "excluded_lines": 0, "percent_statements_covered": 100.0, "percent_statements_covered_display": "100"}, "missing_lines": [], "excluded_lines": [], "start_line": 263}, "handle_db_error": {"executed_lines": [284, 286, 288, 289, 291, 293, 294, 298, 299], "summary": {"covered_lines": 9, "num_statements": 9, "percent_covered": 100.0, "percent_covered_display": "100", "missing_lines": 0, "excluded_lines": 0, "percent_statements_covered": 100.0, "percent_statements_covered_display": "100"}, "missing_lines": [], "excluded_lines": [], "start_line": 273}, "": {"executed_lines": [10, 11, 12, 14, 15, 17, 25, 45, 64, 199, 202, 205, 208, 211, 214, 217, 220, 228, 273], "summary": {"covered_lines": 19, "num_statements": 19, "percent_covered": 100.0, "percent_covered_display": "100", "missing_lines": 0, "excluded_lines": 0, "percent_statements_covered": 100.0, "percent_statements_covered_display": "100"}, "missing_lines": [], "excluded_lines": [], "start_line": 1}}, "classes": {"ResourceNotFoundError": {"executed_lines": [], "summary": {"covered_lines": 0, "num_statements": 0, "percent_covered": 100.0, "percent_covered_display": "100", "missing_lines": 0, "excluded_lines": 0, "percent_statements_covered": 100.0, "percent_statements_covered_display": "100"}, "missing_lines": [], "excluded_lines": [], "start_line": 199}, "ValidationError": {"executed_lines": [], "summary": {"covered_lines": 0, "num_statements": 0, "percent_covered": 100.0, "percent_covered_display": "100", "missing_lines": 0, "excluded_lines": 0, "percent_statements_covered": 100.0, "percent_statements_covered_display": "100"}, "missing_lines": [], "excluded_lines": [], "start_line": 205}, "AuthorizationError": {"executed_lines": [], "summary": {"covered_lines": 0, "num_statements": 0, "percent_covered": 100.0, "percent_covered_display": "100", "missing_lines": 0, "excluded_lines": 0, "percent_statements_covered": 100.0, "percent_statements_covered_display": "100"}, "missing_lines": [], "excluded_lines": [], "start_line": 211}, "ServiceUnavailableError": {"executed_lines": [], "summary": {"covered_lines": 0, "num_statements": 0, "percent_covered": 100.0, "percent_covered_display": "100", "missing_lines": 0, "excluded_lines": 0, "percent_statements_covered": 100.0, "percent_statements_covered_display": "100"}, "missing_lines": [], "excluded_lines": [], "start_line": 217}, "": {"executed_lines": [10, 11, 12, 14, 15, 17, 25, 37, 39, 40, 42, 45, 56, 64, 87, 88, 89, 90, 91, 92, 94, 95, 97, 98, 99, 100, 101, 103, 105, 107, 108, 109, 110, 111, 113, 115, 117, 118, 119, 120, 121, 122, 126, 128, 129, 130, 131, 132, 136, 138, 139, 140, 141, 142, 144, 146, 148, 149, 150, 151, 152, 154, 156, 158, 159, 160, 161, 162, 166, 168, 169, 173, 175, 176, 177, 178, 183, 184, 185, 189, 191, 199, 202, 205, 208, 211, 214, 217, 220, 228, 236, 237, 239, 241, 242, 244, 246, 247, 249, 251, 252, 254, 257, 260, 262, 263, 265, 273, 284, 286, 288, 289, 291, 293, 294, 298, 299], "summary": {"covered_lines": 117, "num_statements": 123, "percent_covered": 95.1219512195122, "percent_covered_display": "95", "missing_lines": 6, "excluded_lines": 0, "percent_statements_covered": 95.1219512195122, "percent_statements_covered_display": "95"}, "missing_lines": [124, 134, 164, 180, 187, 258], "excluded_lines": [], "start_line": 1}}}, "models.py": {"executed_lines": [5, 7, 9, 12, 15, 17, 18, 19, 20, 26, 27, 29, 31, 33, 34, 36, 37, 38, 39, 40, 41, 44, 46, 47, 49, 51, 53, 54, 56, 57, 58, 59, 63, 64, 65, 66, 72, 75, 78, 80, 81, 82, 84, 85, 86, 90, 91, 92, 93, 96, 98, 99, 106, 107, 108, 111, 115, 117, 118, 120, 121, 128, 130, 131, 138, 141, 143, 144, 145, 146, 149, 150, 153, 154, 156, 157, 158, 164, 166, 172, 175, 177, 178, 179, 180, 181, 182, 183, 184, 185, 195, 198, 200, 201, 202, 203, 204, 205, 206, 207, 214, 222, 225, 227, 228, 229, 230, 231, 234, 240, 243, 246, 247, 248, 249, 251, 252, 253, 254, 255, 256, 257, 258, 259, 260, 263, 264, 265, 266, 276, 279, 281, 282, 283, 284, 285, 286, 289, 290, 291, 292, 293, 300, 310, 313, 315, 316, 317, 318, 319, 320, 321, 322, 323, 324, 325, 326, 327, 328, 331, 332, 333, 334, 335, 336, 343, 346, 352, 355, 356, 357, 360, 363, 374, 383, 386, 387, 388, 390, 393, 394, 395, 396, 398, 400, 403, 404, 407, 408, 409, 410, 413, 414, 415, 416, 419, 420, 421, 422, 425, 428, 429, 430, 431, 435, 438, 439, 440, 443, 444, 445, 448, 449, 454, 457, 465, 472, 473, 483, 491, 493, 494, 495, 498, 499, 500, 503, 504, 506, 507, 514, 519, 526, 536, 539, 541, 542, 543, 549, 552, 555, 556, 557, 558, 560, 561, 562, 563, 564, 565, 566, 573, 577, 586, 599, 601, 604, 607, 610, 613, 617, 619, 620, 627, 632, 638, 650, 653, 655, 656, 657, 658, 659, 660, 661, 664, 670, 673, 675, 676, 677, 680, 681, 684, 685, 688, 690, 691, 692, 707, 710, 712, 713, 715, 718, 721, 724, 725, 726, 729, 730, 731, 732, 733, 736, 738, 739, 740, 741, 742, 744, 745, 752, 753, 759, 762, 764, 765, 766, 769, 770, 773, 774, 778, 781, 782, 783, 785, 786, 787, 794, 803, 806, 808, 809, 810, 813, 814, 817, 820, 822, 823, 830, 831, 834, 844, 847, 849, 850, 851, 852, 853, 854, 855, 858, 861, 863, 864, 871, 873, 879, 882, 884, 885, 886, 887, 890, 891, 892, 893, 894, 896, 897, 904, 906, 916, 923, 925, 926, 927, 928, 929, 930, 933, 934, 935, 936, 939, 940, 941, 942, 944, 950, 967, 969, 970, 973, 974, 975, 978, 979, 982, 983, 986, 987, 988, 991, 992, 995, 996, 997, 1003, 1014, 1029, 1031, 1034, 1035, 1038, 1039, 1040, 1041, 1042, 1045, 1046, 1047, 1048, 1054, 1065, 1076, 1078, 1079, 1080, 1081, 1082, 1083, 1084, 1085, 1092, 1104, 1107, 1109, 1110, 1111, 1112, 1113, 1116, 1122, 1152, 1155, 1156, 1157, 1158, 1159, 1160, 1161, 1162, 1163, 1164, 1166, 1180, 1181, 1182, 1184, 1187, 1188, 1189, 1190, 1191, 1193, 1201, 1202, 1203, 1204, 1207, 1208, 1209, 1210, 1213, 1216, 1217, 1220, 1223, 1224, 1227, 1230, 1233, 1236, 1237, 1238, 1240, 1241, 1251, 1264, 1267, 1268, 1269, 1271, 1273, 1274, 1275, 1277, 1278, 1279, 1282, 1284, 1285, 1287, 1288, 1298, 1322, 1325, 1326, 1327, 1328, 1329, 1331, 1339, 1340, 1341, 1344, 1347, 1350, 1353, 1356, 1358, 1360, 1361, 1376, 1384, 1386, 1387, 1388, 1389, 1392, 1395, 1397, 1398, 1400, 1401, 1411, 1419, 1421, 1422, 1423, 1426, 1427, 1430, 1433, 1435, 1436, 1438, 1439, 1449, 1460, 1462, 1463, 1464, 1467, 1468, 1471, 1472, 1475, 1476, 1478, 1479, 1481, 1482, 1492, 1500, 1503, 1504, 1505, 1506, 1507, 1509, 1517, 1518, 1519, 1522, 1525, 1526, 1527, 1528, 1531, 1532, 1533, 1535, 1536, 1538, 1539, 1549, 1557, 1559, 1560, 1561, 1565, 1567, 1568, 1570, 1571, 1577, 1578, 1590, 1599, 1602, 1603, 1604, 1605, 1606, 1608, 1616, 1617, 1618, 1619, 1623, 1626, 1628, 1630, 1631, 1641, 1649, 1651, 1652, 1653, 1656, 1659, 1661, 1663, 1664, 1674, 1682, 1684, 1685, 1686, 1689, 1692, 1694, 1695, 1697, 1698, 1713, 1726, 1729, 1730, 1731, 1732, 1733, 1734, 1735, 1736, 1737, 1739, 1752, 1762, 1763, 1766, 1767, 1768, 1772, 1775, 1776, 1781, 1784, 1787, 1789, 1798, 1816, 1819, 1820, 1821, 1822, 1823, 1825, 1827, 1828, 1831, 1834, 1835, 1836, 1839, 1840, 1841, 1842, 1843, 1847, 1850, 1853, 1854, 1855, 1857, 1858, 1865, 1869, 1875, 1886, 1888, 1889, 1890, 1891, 1892, 1899, 1923, 1924, 1926, 1927, 1928, 1930, 1931, 1932, 1934, 1935, 1937, 1938, 1939, 1940, 1941, 1943, 1944, 1946, 1947, 1948, 1952, 1953, 1955, 1956, 1958, 1960, 1961, 1963, 1964, 1965, 1966, 1967, 1970, 1971, 1972, 1973, 1974, 1975, 1976, 1978, 1979, 1981, 1983, 1984, 1986, 1988, 1994, 2002, 2004, 2005, 2006, 2007, 2008, 2015, 2038, 2039, 2041, 2042, 2043, 2045, 2046, 2047, 2049, 2050, 2052, 2053, 2054, 2055, 2056, 2059, 2060, 2061, 2062, 2063, 2064, 2065, 2067, 2068, 2070, 2072, 2073, 2075, 2077, 2083, 2086, 2088, 2089, 2090, 2093, 2094, 2097, 2098, 2101, 2102, 2103, 2104, 2111, 2112, 2119, 2127, 2130, 2131, 2132, 2133, 2134, 2135, 2137, 2139, 2142, 2143, 2144, 2148, 2151, 2152, 2153, 2156, 2157, 2162, 2164, 2170, 2172, 2174, 2176, 2177, 2181, 2183, 2185, 2187, 2189, 2190, 2191, 2192, 2193, 2195, 2196, 2202, 2203, 2204, 2206, 2208, 2209, 2210, 2212, 2213, 2215, 2216, 2220, 2221, 2222, 2223, 2224], "summary": {"covered_lines": 852, "num_statements": 881, "percent_covered": 96.7082860385925, "percent_covered_display": "97", "missing_lines": 29, "excluded_lines": 86, "percent_statements_covered": 96.7082860385925, "percent_statements_covered_display": "97"}, "missing_lines": [42, 43, 60, 61, 67, 68, 69, 70, 71, 126, 132, 475, 476, 477, 1580, 1582, 1583, 1584, 1949, 1950, 1957, 1968, 1987, 2057, 2076, 2175, 2178, 2179, 2218], "excluded_lines": [134, 135, 168, 169, 191, 192, 218, 219, 236, 237, 272, 273, 306, 307, 370, 371, 479, 480, 532, 533, 545, 546, 582, 583, 645, 646, 647, 666, 667, 698, 699, 755, 756, 799, 800, 840, 841, 875, 876, 912, 913, 946, 947, 1010, 1011, 1056, 1057, 1100, 1101, 1118, 1119, 1247, 1248, 1294, 1295, 1367, 1368, 1407, 1408, 1445, 1446, 1488, 1489, 1545, 1546, 1586, 1587, 1637, 1638, 1670, 1671, 1704, 1705, 1794, 1795, 1871, 1872, 1990, 1991, 2079, 2080, 2114, 2115, 2116, 2226, 2227], "functions": {"SyncMetadata.get": {"executed_lines": [29, 31, 33, 34, 36, 37, 38, 39, 40, 41, 44], "summary": {"covered_lines": 11, "num_statements": 13, "percent_covered": 84.61538461538461, "percent_covered_display": "85", "missing_lines": 2, "excluded_lines": 0, "percent_statements_covered": 84.61538461538461, "percent_statements_covered_display": "85"}, "missing_lines": [42, 43], "excluded_lines": [], "start_line": 27}, "SyncMetadata.set": {"executed_lines": [49, 51, 53, 54, 56, 57, 58, 59, 63, 64, 65, 66, 72], "summary": {"covered_lines": 13, "num_statements": 20, "percent_covered": 65.0, "percent_covered_display": "65", "missing_lines": 7, "excluded_lines": 0, "percent_statements_covered": 65.0, "percent_statements_covered_display": "65"}, "missing_lines": [60, 61, 67, 68, 69, 70, 71], "excluded_lines": [], "start_line": 47}, "Account.get_primary_credential": {"executed_lines": [117, 118, 120, 121], "summary": {"covered_lines": 4, "num_statements": 5, "percent_covered": 80.0, "percent_covered_display": "80", "missing_lines": 1, "excluded_lines": 0, "percent_statements_covered": 80.0, "percent_statements_covered_display": "80"}, "missing_lines": [126], "excluded_lines": [], "start_line": 115}, "Account.get_total_max_connections": {"executed_lines": [130, 131], "summary": {"covered_lines": 2, "num_statements": 3, "percent_covered": 66.66666666666667, "percent_covered_display": "67", "missing_lines": 1, "excluded_lines": 0, "percent_statements_covered": 66.66666666666667, "percent_statements_covered_display": "67"}, "missing_lines": [132], "excluded_lines": [], "start_line": 128}, "Account.__repr__": {"executed_lines": [], "summary": {"covered_lines": 0, "num_statements": 0, "percent_covered": 100.0, "percent_covered_display": "100", "missing_lines": 0, "excluded_lines": 1, "percent_statements_covered": 100.0, "percent_statements_covered_display": "100"}, "missing_lines": [], "excluded_lines": [135], "start_line": 134}, "Credential.is_available": {"executed_lines": [166], "summary": {"covered_lines": 1, "num_statements": 1, "percent_covered": 100.0, "percent_covered_display": "100", "missing_lines": 0, "excluded_lines": 0, "percent_statements_covered": 100.0, "percent_statements_covered_display": "100"}, "missing_lines": [], "excluded_lines": [], "start_line": 164}, "Credential.__repr__": {"executed_lines": [], "summary": {"covered_lines": 0, "num_statements": 0, "percent_covered": 100.0, "percent_covered_display": "100", "missing_lines": 0, "excluded_lines": 1, "percent_statements_covered": 100.0, "percent_statements_covered_display": "100"}, "missing_lines": [], "excluded_lines": [169], "start_line": 168}, "Filter.__repr__": {"executed_lines": [], "summary": {"covered_lines": 0, "num_statements": 0, "percent_covered": 100.0, "percent_covered_display": "100", "missing_lines": 0, "excluded_lines": 1, "percent_statements_covered": 100.0, "percent_statements_covered_display": "100"}, "missing_lines": [], "excluded_lines": [192], "start_line": 191}, "RuleSet.__repr__": {"executed_lines": [], "summary": {"covered_lines": 0, "num_statements": 0, "percent_covered": 100.0, "percent_covered_display": "100", "missing_lines": 0, "excluded_lines": 1, "percent_statements_covered": 100.0, "percent_statements_covered_display": "100"}, "missing_lines": [], "excluded_lines": [219], "start_line": 218}, "AccountRuleSet.__repr__": {"executed_lines": [], "summary": {"covered_lines": 0, "num_statements": 0, "percent_covered": 100.0, "percent_covered_display": "100", "missing_lines": 0, "excluded_lines": 1, "percent_statements_covered": 100.0, "percent_statements_covered_display": "100"}, "missing_lines": [], "excluded_lines": [237], "start_line": 236}, "TagRule.__repr__": {"executed_lines": [], "summary": {"covered_lines": 0, "num_statements": 0, "percent_covered": 100.0, "percent_covered_display": "100", "missing_lines": 0, "excluded_lines": 1, "percent_statements_covered": 100.0, "percent_statements_covered_display": "100"}, "missing_lines": [], "excluded_lines": [273], "start_line": 272}, "Category.__repr__": {"executed_lines": [], "summary": {"covered_lines": 0, "num_statements": 0, "percent_covered": 100.0, "percent_covered_display": "100", "missing_lines": 0, "excluded_lines": 1, "percent_statements_covered": 100.0, "percent_statements_covered_display": "100"}, "missing_lines": [], "excluded_lines": [307], "start_line": 306}, "Channel.__repr__": {"executed_lines": [], "summary": {"covered_lines": 0, "num_statements": 0, "percent_covered": 100.0, "percent_covered_display": "100", "missing_lines": 0, "excluded_lines": 1, "percent_statements_covered": 100.0, "percent_statements_covered_display": "100"}, "missing_lines": [], "excluded_lines": [371], "start_line": 370}, "Event.display_title": {"executed_lines": [], "summary": {"covered_lines": 0, "num_statements": 3, "percent_covered": 0.0, "percent_covered_display": "0", "missing_lines": 3, "excluded_lines": 0, "percent_statements_covered": 0.0, "percent_statements_covered_display": "0"}, "missing_lines": [475, 476, 477], "excluded_lines": [], "start_line": 473}, "Event.__repr__": {"executed_lines": [], "summary": {"covered_lines": 0, "num_statements": 0, "percent_covered": 100.0, "percent_covered_display": "100", "missing_lines": 0, "excluded_lines": 1, "percent_statements_covered": 100.0, "percent_statements_covered_display": "100"}, "missing_lines": [], "excluded_lines": [480], "start_line": 479}, "EventChannelLink.__repr__": {"executed_lines": [], "summary": {"covered_lines": 0, "num_statements": 0, "percent_covered": 100.0, "percent_covered_display": "100", "missing_lines": 0, "excluded_lines": 1, "percent_statements_covered": 100.0, "percent_statements_covered_display": "100"}, "missing_lines": [], "excluded_lines": [533], "start_line": 532}, "Tag.__repr__": {"executed_lines": [], "summary": {"covered_lines": 0, "num_statements": 0, "percent_covered": 100.0, "percent_covered_display": "100", "missing_lines": 0, "excluded_lines": 1, "percent_statements_covered": 100.0, "percent_statements_covered_display": "100"}, "missing_lines": [], "excluded_lines": [546], "start_line": 545}, "ChannelTag.__repr__": {"executed_lines": [], "summary": {"covered_lines": 0, "num_statements": 0, "percent_covered": 100.0, "percent_covered_display": "100", "missing_lines": 0, "excluded_lines": 1, "percent_statements_covered": 100.0, "percent_statements_covered_display": "100"}, "missing_lines": [], "excluded_lines": [583], "start_line": 582}, "ChannelLink.__repr__": {"executed_lines": [], "summary": {"covered_lines": 0, "num_statements": 0, "percent_covered": 100.0, "percent_covered_display": "100", "missing_lines": 0, "excluded_lines": 2, "percent_statements_covered": 100.0, "percent_statements_covered_display": "100"}, "missing_lines": [], "excluded_lines": [646, 647], "start_line": 645}, "ActiveStream.__repr__": {"executed_lines": [], "summary": {"covered_lines": 0, "num_statements": 0, "percent_covered": 100.0, "percent_covered_display": "100", "missing_lines": 0, "excluded_lines": 1, "percent_statements_covered": 100.0, "percent_statements_covered_display": "100"}, "missing_lines": [], "excluded_lines": [667], "start_line": 666}, "PlaylistConfig.__repr__": {"executed_lines": [], "summary": {"covered_lines": 0, "num_statements": 0, "percent_covered": 100.0, "percent_covered_display": "100", "missing_lines": 0, "excluded_lines": 1, "percent_statements_covered": 100.0, "percent_statements_covered_display": "100"}, "missing_lines": [], "excluded_lines": [699], "start_line": 698}, "EpgSource.__repr__": {"executed_lines": [], "summary": {"covered_lines": 0, "num_statements": 0, "percent_covered": 100.0, "percent_covered_display": "100", "missing_lines": 0, "excluded_lines": 1, "percent_statements_covered": 100.0, "percent_statements_covered_display": "100"}, "missing_lines": [], "excluded_lines": [756], "start_line": 755}, "EpgChannel.__repr__": {"executed_lines": [], "summary": {"covered_lines": 0, "num_statements": 0, "percent_covered": 100.0, "percent_covered_display": "100", "missing_lines": 0, "excluded_lines": 1, "percent_statements_covered": 100.0, "percent_statements_covered_display": "100"}, "missing_lines": [], "excluded_lines": [800], "start_line": 799}, "ChannelEpgMapping.__repr__": {"executed_lines": [], "summary": {"covered_lines": 0, "num_statements": 0, "percent_covered": 100.0, "percent_covered_display": "100", "missing_lines": 0, "excluded_lines": 1, "percent_statements_covered": 100.0, "percent_statements_covered_display": "100"}, "missing_lines": [], "excluded_lines": [841], "start_line": 840}, "SdLineup.__repr__": {"executed_lines": [], "summary": {"covered_lines": 0, "num_statements": 0, "percent_covered": 100.0, "percent_covered_display": "100", "missing_lines": 0, "excluded_lines": 1, "percent_statements_covered": 100.0, "percent_statements_covered_display": "100"}, "missing_lines": [], "excluded_lines": [876], "start_line": 875}, "SdStation.__repr__": {"executed_lines": [], "summary": {"covered_lines": 0, "num_statements": 0, "percent_covered": 100.0, "percent_covered_display": "100", "missing_lines": 0, "excluded_lines": 1, "percent_statements_covered": 100.0, "percent_statements_covered_display": "100"}, "missing_lines": [], "excluded_lines": [913], "start_line": 912}, "CachedImage.__repr__": {"executed_lines": [], "summary": {"covered_lines": 0, "num_statements": 0, "percent_covered": 100.0, "percent_covered_display": "100", "missing_lines": 0, "excluded_lines": 1, "percent_statements_covered": 100.0, "percent_statements_covered_display": "100"}, "missing_lines": [], "excluded_lines": [947], "start_line": 946}, "FccFacility.__repr__": {"executed_lines": [], "summary": {"covered_lines": 0, "num_statements": 0, "percent_covered": 100.0, "percent_covered_display": "100", "missing_lines": 0, "excluded_lines": 1, "percent_statements_covered": 100.0, "percent_statements_covered_display": "100"}, "missing_lines": [], "excluded_lines": [1011], "start_line": 1010}, "FccCorrection.__repr__": {"executed_lines": [], "summary": {"covered_lines": 0, "num_statements": 0, "percent_covered": 100.0, "percent_covered_display": "100", "missing_lines": 0, "excluded_lines": 1, "percent_statements_covered": 100.0, "percent_statements_covered_display": "100"}, "missing_lines": [], "excluded_lines": [1057], "start_line": 1056}, "EpgMatchRuleSet.__repr__": {"executed_lines": [], "summary": {"covered_lines": 0, "num_statements": 0, "percent_covered": 100.0, "percent_covered_display": "100", "missing_lines": 0, "excluded_lines": 1, "percent_statements_covered": 100.0, "percent_statements_covered_display": "100"}, "missing_lines": [], "excluded_lines": [1101], "start_line": 1100}, "AccountEpgMatchRuleSet.__repr__": {"executed_lines": [], "summary": {"covered_lines": 0, "num_statements": 0, "percent_covered": 100.0, "percent_covered_display": "100", "missing_lines": 0, "excluded_lines": 1, "percent_statements_covered": 100.0, "percent_statements_covered_display": "100"}, "missing_lines": [], "excluded_lines": [1119], "start_line": 1118}, "EpgMatchRule.__repr__": {"executed_lines": [], "summary": {"covered_lines": 0, "num_statements": 0, "percent_covered": 100.0, "percent_covered_display": "100", "missing_lines": 0, "excluded_lines": 1, "percent_statements_covered": 100.0, "percent_statements_covered_display": "100"}, "missing_lines": [], "excluded_lines": [1248], "start_line": 1247}, "EpgExclusionPattern.__repr__": {"executed_lines": [], "summary": {"covered_lines": 0, "num_statements": 0, "percent_covered": 100.0, "percent_covered_display": "100", "missing_lines": 0, "excluded_lines": 1, "percent_statements_covered": 100.0, "percent_statements_covered_display": "100"}, "missing_lines": [], "excluded_lines": [1295], "start_line": 1294}, "EpgChannelNameMapping.__repr__": {"executed_lines": [], "summary": {"covered_lines": 0, "num_statements": 0, "percent_covered": 100.0, "percent_covered_display": "100", "missing_lines": 0, "excluded_lines": 1, "percent_statements_covered": 100.0, "percent_statements_covered_display": "100"}, "missing_lines": [], "excluded_lines": [1368], "start_line": 1367}, "FccMatchNetwork.__repr__": {"executed_lines": [], "summary": {"covered_lines": 0, "num_statements": 0, "percent_covered": 100.0, "percent_covered_display": "100", "missing_lines": 0, "excluded_lines": 1, "percent_statements_covered": 100.0, "percent_statements_covered_display": "100"}, "missing_lines": [], "excluded_lines": [1408], "start_line": 1407}, "FccMatchChannelPattern.__repr__": {"executed_lines": [], "summary": {"covered_lines": 0, "num_statements": 0, "percent_covered": 100.0, "percent_covered_display": "100", "missing_lines": 0, "excluded_lines": 1, "percent_statements_covered": 100.0, "percent_statements_covered_display": "100"}, "missing_lines": [], "excluded_lines": [1446], "start_line": 1445}, "FccMatchLocationPattern.__repr__": {"executed_lines": [], "summary": {"covered_lines": 0, "num_statements": 0, "percent_covered": 100.0, "percent_covered_display": "100", "missing_lines": 0, "excluded_lines": 1, "percent_statements_covered": 100.0, "percent_statements_covered_display": "100"}, "missing_lines": [], "excluded_lines": [1489], "start_line": 1488}, "FccMatchStrategy.__repr__": {"executed_lines": [], "summary": {"covered_lines": 0, "num_statements": 0, "percent_covered": 100.0, "percent_covered_display": "100", "missing_lines": 0, "excluded_lines": 1, "percent_statements_covered": 100.0, "percent_statements_covered_display": "100"}, "missing_lines": [], "excluded_lines": [1546], "start_line": 1545}, "EpgCountrySuffix.suffixes_list": {"executed_lines": [], "summary": {"covered_lines": 0, "num_statements": 4, "percent_covered": 0.0, "percent_covered_display": "0", "missing_lines": 4, "excluded_lines": 0, "percent_statements_covered": 0.0, "percent_statements_covered_display": "0"}, "missing_lines": [1580, 1582, 1583, 1584], "excluded_lines": [], "start_line": 1578}, "EpgCountrySuffix.__repr__": {"executed_lines": [], "summary": {"covered_lines": 0, "num_statements": 0, "percent_covered": 100.0, "percent_covered_display": "100", "missing_lines": 0, "excluded_lines": 1, "percent_statements_covered": 100.0, "percent_statements_covered_display": "100"}, "missing_lines": [], "excluded_lines": [1587], "start_line": 1586}, "QualityTag.__repr__": {"executed_lines": [], "summary": {"covered_lines": 0, "num_statements": 0, "percent_covered": 100.0, "percent_covered_display": "100", "missing_lines": 0, "excluded_lines": 1, "percent_statements_covered": 100.0, "percent_statements_covered_display": "100"}, "missing_lines": [], "excluded_lines": [1638], "start_line": 1637}, "CountryTag.__repr__": {"executed_lines": [], "summary": {"covered_lines": 0, "num_statements": 0, "percent_covered": 100.0, "percent_covered_display": "100", "missing_lines": 0, "excluded_lines": 1, "percent_statements_covered": 100.0, "percent_statements_covered_display": "100"}, "missing_lines": [], "excluded_lines": [1671], "start_line": 1670}, "CallsignSuffix.__repr__": {"executed_lines": [], "summary": {"covered_lines": 0, "num_statements": 0, "percent_covered": 100.0, "percent_covered_display": "100", "missing_lines": 0, "excluded_lines": 1, "percent_statements_covered": 100.0, "percent_statements_covered_display": "100"}, "missing_lines": [], "excluded_lines": [1705], "start_line": 1704}, "ChannelHealthCheck.__repr__": {"executed_lines": [], "summary": {"covered_lines": 0, "num_statements": 0, "percent_covered": 100.0, "percent_covered_display": "100", "missing_lines": 0, "excluded_lines": 1, "percent_statements_covered": 100.0, "percent_statements_covered_display": "100"}, "missing_lines": [], "excluded_lines": [1795], "start_line": 1794}, "ChannelHealthStatus.__repr__": {"executed_lines": [], "summary": {"covered_lines": 0, "num_statements": 0, "percent_covered": 100.0, "percent_covered_display": "100", "missing_lines": 0, "excluded_lines": 1, "percent_statements_covered": 100.0, "percent_statements_covered_display": "100"}, "missing_lines": [], "excluded_lines": [1872], "start_line": 1871}, "ChannelHealthConfig.get": {"executed_lines": [1926, 1927, 1928, 1930, 1931, 1932], "summary": {"covered_lines": 6, "num_statements": 6, "percent_covered": 100.0, "percent_covered_display": "100", "missing_lines": 0, "excluded_lines": 0, "percent_statements_covered": 100.0, "percent_statements_covered_display": "100"}, "missing_lines": [], "excluded_lines": [], "start_line": 1924}, "ChannelHealthConfig.get_int": {"executed_lines": [1937, 1938, 1939, 1940, 1941], "summary": {"covered_lines": 5, "num_statements": 5, "percent_covered": 100.0, "percent_covered_display": "100", "missing_lines": 0, "excluded_lines": 0, "percent_statements_covered": 100.0, "percent_statements_covered_display": "100"}, "missing_lines": [], "excluded_lines": [], "start_line": 1935}, "ChannelHealthConfig.get_float": {"executed_lines": [1946, 1947, 1948], "summary": {"covered_lines": 3, "num_statements": 5, "percent_covered": 60.0, "percent_covered_display": "60", "missing_lines": 2, "excluded_lines": 0, "percent_statements_covered": 60.0, "percent_statements_covered_display": "60"}, "missing_lines": [1949, 1950], "excluded_lines": [], "start_line": 1944}, "ChannelHealthConfig.get_bool": {"executed_lines": [1955, 1956, 1958], "summary": {"covered_lines": 3, "num_statements": 4, "percent_covered": 75.0, "percent_covered_display": "75", "missing_lines": 1, "excluded_lines": 0, "percent_statements_covered": 75.0, "percent_statements_covered_display": "75"}, "missing_lines": [1957], "excluded_lines": [], "start_line": 1953}, "ChannelHealthConfig.set": {"executed_lines": [1963, 1964, 1965, 1966, 1967, 1970, 1971, 1972, 1973, 1974, 1975, 1976], "summary": {"covered_lines": 12, "num_statements": 13, "percent_covered": 92.3076923076923, "percent_covered_display": "92", "missing_lines": 1, "excluded_lines": 0, "percent_statements_covered": 92.3076923076923, "percent_statements_covered_display": "92"}, "missing_lines": [1968], "excluded_lines": [], "start_line": 1961}, "ChannelHealthConfig.get_all": {"executed_lines": [1981, 1983, 1984, 1986, 1988], "summary": {"covered_lines": 5, "num_statements": 6, "percent_covered": 83.33333333333333, "percent_covered_display": "83", "missing_lines": 1, "excluded_lines": 0, "percent_statements_covered": 83.33333333333333, "percent_statements_covered_display": "83"}, "missing_lines": [1987], "excluded_lines": [], "start_line": 1979}, "ChannelHealthConfig.__repr__": {"executed_lines": [], "summary": {"covered_lines": 0, "num_statements": 0, "percent_covered": 100.0, "percent_covered_display": "100", "missing_lines": 0, "excluded_lines": 1, "percent_statements_covered": 100.0, "percent_statements_covered_display": "100"}, "missing_lines": [], "excluded_lines": [1991], "start_line": 1990}, "Settings.get": {"executed_lines": [2041, 2042, 2043, 2045, 2046, 2047], "summary": {"covered_lines": 6, "num_statements": 6, "percent_covered": 100.0, "percent_covered_display": "100", "missing_lines": 0, "excluded_lines": 0, "percent_statements_covered": 100.0, "percent_statements_covered_display": "100"}, "missing_lines": [], "excluded_lines": [], "start_line": 2039}, "Settings.set": {"executed_lines": [2052, 2053, 2054, 2055, 2056, 2059, 2060, 2061, 2062, 2063, 2064, 2065], "summary": {"covered_lines": 12, "num_statements": 13, "percent_covered": 92.3076923076923, "percent_covered_display": "92", "missing_lines": 1, "excluded_lines": 0, "percent_statements_covered": 92.3076923076923, "percent_statements_covered_display": "92"}, "missing_lines": [2057], "excluded_lines": [], "start_line": 2050}, "Settings.get_all": {"executed_lines": [2070, 2072, 2073, 2075, 2077], "summary": {"covered_lines": 5, "num_statements": 6, "percent_covered": 83.33333333333333, "percent_covered_display": "83", "missing_lines": 1, "excluded_lines": 0, "percent_statements_covered": 83.33333333333333, "percent_statements_covered_display": "83"}, "missing_lines": [2076], "excluded_lines": [], "start_line": 2068}, "Settings.__repr__": {"executed_lines": [], "summary": {"covered_lines": 0, "num_statements": 0, "percent_covered": 100.0, "percent_covered_display": "100", "missing_lines": 0, "excluded_lines": 1, "percent_statements_covered": 100.0, "percent_statements_covered_display": "100"}, "missing_lines": [], "excluded_lines": [2080], "start_line": 2079}, "XtreamCredential.__repr__": {"executed_lines": [], "summary": {"covered_lines": 0, "num_statements": 0, "percent_covered": 100.0, "percent_covered_display": "100", "missing_lines": 0, "excluded_lines": 2, "percent_statements_covered": 100.0, "percent_statements_covered_display": "100"}, "missing_lines": [], "excluded_lines": [2115, 2116], "start_line": 2114}, "SportsTeam.get_aliases": {"executed_lines": [2172, 2174, 2176, 2177], "summary": {"covered_lines": 4, "num_statements": 7, "percent_covered": 57.142857142857146, "percent_covered_display": "57", "missing_lines": 3, "excluded_lines": 0, "percent_statements_covered": 57.142857142857146, "percent_statements_covered_display": "57"}, "missing_lines": [2175, 2178, 2179], "excluded_lines": [], "start_line": 2170}, "SportsTeam.set_aliases": {"executed_lines": [2183, 2185], "summary": {"covered_lines": 2, "num_statements": 2, "percent_covered": 100.0, "percent_covered_display": "100", "missing_lines": 0, "excluded_lines": 0, "percent_statements_covered": 100.0, "percent_statements_covered_display": "100"}, "missing_lines": [], "excluded_lines": [], "start_line": 2181}, "SportsTeam.add_alias": {"executed_lines": [2189, 2190, 2191, 2192, 2193], "summary": {"covered_lines": 5, "num_statements": 5, "percent_covered": 100.0, "percent_covered_display": "100", "missing_lines": 0, "excluded_lines": 0, "percent_statements_covered": 100.0, "percent_statements_covered_display": "100"}, "missing_lines": [], "excluded_lines": [], "start_line": 2187}, "SportsTeam.get_team_mapping": {"executed_lines": [2202, 2203, 2204, 2206, 2208, 2209, 2210], "summary": {"covered_lines": 7, "num_statements": 7, "percent_covered": 100.0, "percent_covered_display": "100", "missing_lines": 0, "excluded_lines": 0, "percent_statements_covered": 100.0, "percent_statements_covered_display": "100"}, "missing_lines": [], "excluded_lines": [], "start_line": 2196}, "SportsTeam.get_all_team_names": {"executed_lines": [2215, 2216, 2220, 2221, 2222, 2223, 2224], "summary": {"covered_lines": 7, "num_statements": 8, "percent_covered": 87.5, "percent_covered_display": "88", "missing_lines": 1, "excluded_lines": 0, "percent_statements_covered": 87.5, "percent_statements_covered_display": "88"}, "missing_lines": [2218], "excluded_lines": [], "start_line": 2213}, "SportsTeam.__repr__": {"executed_lines": [], "summary": {"covered_lines": 0, "num_statements": 0, "percent_covered": 100.0, "percent_covered_display": "100", "missing_lines": 0, "excluded_lines": 1, "percent_statements_covered": 100.0, "percent_statements_covered_display": "100"}, "missing_lines": [], "excluded_lines": [2227], "start_line": 2226}, "": {"executed_lines": [5, 7, 9, 12, 15, 17, 18, 19, 20, 26, 27, 46, 47, 75, 78, 80, 81, 82, 84, 85, 86, 90, 91, 92, 93, 96, 98, 99, 106, 107, 108, 111, 115, 128, 138, 141, 143, 144, 145, 146, 149, 150, 153, 154, 156, 157, 158, 164, 172, 175, 177, 178, 179, 180, 181, 182, 183, 184, 185, 195, 198, 200, 201, 202, 203, 204, 205, 206, 207, 214, 222, 225, 227, 228, 229, 230, 231, 234, 240, 243, 246, 247, 248, 249, 251, 252, 253, 254, 255, 256, 257, 258, 259, 260, 263, 264, 265, 266, 276, 279, 281, 282, 283, 284, 285, 286, 289, 290, 291, 292, 293, 300, 310, 313, 315, 316, 317, 318, 319, 320, 321, 322, 323, 324, 325, 326, 327, 328, 331, 332, 333, 334, 335, 336, 343, 346, 352, 355, 356, 357, 360, 363, 374, 383, 386, 387, 388, 390, 393, 394, 395, 396, 398, 400, 403, 404, 407, 408, 409, 410, 413, 414, 415, 416, 419, 420, 421, 422, 425, 428, 429, 430, 431, 435, 438, 439, 440, 443, 444, 445, 448, 449, 454, 457, 465, 472, 473, 483, 491, 493, 494, 495, 498, 499, 500, 503, 504, 506, 507, 514, 519, 526, 536, 539, 541, 542, 543, 549, 552, 555, 556, 557, 558, 560, 561, 562, 563, 564, 565, 566, 573, 577, 586, 599, 601, 604, 607, 610, 613, 617, 619, 620, 627, 632, 638, 650, 653, 655, 656, 657, 658, 659, 660, 661, 664, 670, 673, 675, 676, 677, 680, 681, 684, 685, 688, 690, 691, 692, 707, 710, 712, 713, 715, 718, 721, 724, 725, 726, 729, 730, 731, 732, 733, 736, 738, 739, 740, 741, 742, 744, 745, 752, 753, 759, 762, 764, 765, 766, 769, 770, 773, 774, 778, 781, 782, 783, 785, 786, 787, 794, 803, 806, 808, 809, 810, 813, 814, 817, 820, 822, 823, 830, 831, 834, 844, 847, 849, 850, 851, 852, 853, 854, 855, 858, 861, 863, 864, 871, 873, 879, 882, 884, 885, 886, 887, 890, 891, 892, 893, 894, 896, 897, 904, 906, 916, 923, 925, 926, 927, 928, 929, 930, 933, 934, 935, 936, 939, 940, 941, 942, 944, 950, 967, 969, 970, 973, 974, 975, 978, 979, 982, 983, 986, 987, 988, 991, 992, 995, 996, 997, 1003, 1014, 1029, 1031, 1034, 1035, 1038, 1039, 1040, 1041, 1042, 1045, 1046, 1047, 1048, 1054, 1065, 1076, 1078, 1079, 1080, 1081, 1082, 1083, 1084, 1085, 1092, 1104, 1107, 1109, 1110, 1111, 1112, 1113, 1116, 1122, 1152, 1155, 1156, 1157, 1158, 1159, 1160, 1161, 1162, 1163, 1164, 1166, 1180, 1181, 1182, 1184, 1187, 1188, 1189, 1190, 1191, 1193, 1201, 1202, 1203, 1204, 1207, 1208, 1209, 1210, 1213, 1216, 1217, 1220, 1223, 1224, 1227, 1230, 1233, 1236, 1237, 1238, 1240, 1241, 1251, 1264, 1267, 1268, 1269, 1271, 1273, 1274, 1275, 1277, 1278, 1279, 1282, 1284, 1285, 1287, 1288, 1298, 1322, 1325, 1326, 1327, 1328, 1329, 1331, 1339, 1340, 1341, 1344, 1347, 1350, 1353, 1356, 1358, 1360, 1361, 1376, 1384, 1386, 1387, 1388, 1389, 1392, 1395, 1397, 1398, 1400, 1401, 1411, 1419, 1421, 1422, 1423, 1426, 1427, 1430, 1433, 1435, 1436, 1438, 1439, 1449, 1460, 1462, 1463, 1464, 1467, 1468, 1471, 1472, 1475, 1476, 1478, 1479, 1481, 1482, 1492, 1500, 1503, 1504, 1505, 1506, 1507, 1509, 1517, 1518, 1519, 1522, 1525, 1526, 1527, 1528, 1531, 1532, 1533, 1535, 1536, 1538, 1539, 1549, 1557, 1559, 1560, 1561, 1565, 1567, 1568, 1570, 1571, 1577, 1578, 1590, 1599, 1602, 1603, 1604, 1605, 1606, 1608, 1616, 1617, 1618, 1619, 1623, 1626, 1628, 1630, 1631, 1641, 1649, 1651, 1652, 1653, 1656, 1659, 1661, 1663, 1664, 1674, 1682, 1684, 1685, 1686, 1689, 1692, 1694, 1695, 1697, 1698, 1713, 1726, 1729, 1730, 1731, 1732, 1733, 1734, 1735, 1736, 1737, 1739, 1752, 1762, 1763, 1766, 1767, 1768, 1772, 1775, 1776, 1781, 1784, 1787, 1789, 1798, 1816, 1819, 1820, 1821, 1822, 1823, 1825, 1827, 1828, 1831, 1834, 1835, 1836, 1839, 1840, 1841, 1842, 1843, 1847, 1850, 1853, 1854, 1855, 1857, 1858, 1865, 1869, 1875, 1886, 1888, 1889, 1890, 1891, 1892, 1899, 1923, 1924, 1934, 1935, 1943, 1944, 1952, 1953, 1960, 1961, 1978, 1979, 1994, 2002, 2004, 2005, 2006, 2007, 2008, 2015, 2038, 2039, 2049, 2050, 2067, 2068, 2083, 2086, 2088, 2089, 2090, 2093, 2094, 2097, 2098, 2101, 2102, 2103, 2104, 2111, 2112, 2119, 2127, 2130, 2131, 2132, 2133, 2134, 2135, 2137, 2139, 2142, 2143, 2144, 2148, 2151, 2152, 2153, 2156, 2157, 2162, 2164, 2170, 2181, 2187, 2195, 2196, 2212, 2213], "summary": {"covered_lines": 739, "num_statements": 739, "percent_covered": 100.0, "percent_covered_display": "100", "missing_lines": 0, "excluded_lines": 42, "percent_statements_covered": 100.0, "percent_statements_covered_display": "100"}, "missing_lines": [], "excluded_lines": [134, 168, 191, 218, 236, 272, 306, 370, 479, 532, 545, 582, 645, 666, 698, 755, 799, 840, 875, 912, 946, 1010, 1056, 1100, 1118, 1247, 1294, 1367, 1407, 1445, 1488, 1545, 1586, 1637, 1670, 1704, 1794, 1871, 1990, 2079, 2114, 2226], "start_line": 1}}, "classes": {"SyncMetadata": {"executed_lines": [29, 31, 33, 34, 36, 37, 38, 39, 40, 41, 44, 49, 51, 53, 54, 56, 57, 58, 59, 63, 64, 65, 66, 72], "summary": {"covered_lines": 24, "num_statements": 33, "percent_covered": 72.72727272727273, "percent_covered_display": "73", "missing_lines": 9, "excluded_lines": 0, "percent_statements_covered": 72.72727272727273, "percent_statements_covered_display": "73"}, "missing_lines": [42, 43, 60, 61, 67, 68, 69, 70, 71], "excluded_lines": [], "start_line": 12}, "Account": {"executed_lines": [117, 118, 120, 121, 130, 131], "summary": {"covered_lines": 6, "num_statements": 8, "percent_covered": 75.0, "percent_covered_display": "75", "missing_lines": 2, "excluded_lines": 1, "percent_statements_covered": 75.0, "percent_statements_covered_display": "75"}, "missing_lines": [126, 132], "excluded_lines": [135], "start_line": 75}, "Credential": {"executed_lines": [166], "summary": {"covered_lines": 1, "num_statements": 1, "percent_covered": 100.0, "percent_covered_display": "100", "missing_lines": 0, "excluded_lines": 1, "percent_statements_covered": 100.0, "percent_statements_covered_display": "100"}, "missing_lines": [], "excluded_lines": [169], "start_line": 138}, "Filter": {"executed_lines": [], "summary": {"covered_lines": 0, "num_statements": 0, "percent_covered": 100.0, "percent_covered_display": "100", "missing_lines": 0, "excluded_lines": 1, "percent_statements_covered": 100.0, "percent_statements_covered_display": "100"}, "missing_lines": [], "excluded_lines": [192], "start_line": 172}, "RuleSet": {"executed_lines": [], "summary": {"covered_lines": 0, "num_statements": 0, "percent_covered": 100.0, "percent_covered_display": "100", "missing_lines": 0, "excluded_lines": 1, "percent_statements_covered": 100.0, "percent_statements_covered_display": "100"}, "missing_lines": [], "excluded_lines": [219], "start_line": 195}, "AccountRuleSet": {"executed_lines": [], "summary": {"covered_lines": 0, "num_statements": 0, "percent_covered": 100.0, "percent_covered_display": "100", "missing_lines": 0, "excluded_lines": 1, "percent_statements_covered": 100.0, "percent_statements_covered_display": "100"}, "missing_lines": [], "excluded_lines": [237], "start_line": 222}, "TagRule": {"executed_lines": [], "summary": {"covered_lines": 0, "num_statements": 0, "percent_covered": 100.0, "percent_covered_display": "100", "missing_lines": 0, "excluded_lines": 1, "percent_statements_covered": 100.0, "percent_statements_covered_display": "100"}, "missing_lines": [], "excluded_lines": [273], "start_line": 240}, "Category": {"executed_lines": [], "summary": {"covered_lines": 0, "num_statements": 0, "percent_covered": 100.0, "percent_covered_display": "100", "missing_lines": 0, "excluded_lines": 1, "percent_statements_covered": 100.0, "percent_statements_covered_display": "100"}, "missing_lines": [], "excluded_lines": [307], "start_line": 276}, "Channel": {"executed_lines": [], "summary": {"covered_lines": 0, "num_statements": 0, "percent_covered": 100.0, "percent_covered_display": "100", "missing_lines": 0, "excluded_lines": 1, "percent_statements_covered": 100.0, "percent_statements_covered_display": "100"}, "missing_lines": [], "excluded_lines": [371], "start_line": 310}, "Event": {"executed_lines": [], "summary": {"covered_lines": 0, "num_statements": 3, "percent_covered": 0.0, "percent_covered_display": "0", "missing_lines": 3, "excluded_lines": 1, "percent_statements_covered": 0.0, "percent_statements_covered_display": "0"}, "missing_lines": [475, 476, 477], "excluded_lines": [480], "start_line": 374}, "EventChannelLink": {"executed_lines": [], "summary": {"covered_lines": 0, "num_statements": 0, "percent_covered": 100.0, "percent_covered_display": "100", "missing_lines": 0, "excluded_lines": 1, "percent_statements_covered": 100.0, "percent_statements_covered_display": "100"}, "missing_lines": [], "excluded_lines": [533], "start_line": 483}, "Tag": {"executed_lines": [], "summary": {"covered_lines": 0, "num_statements": 0, "percent_covered": 100.0, "percent_covered_display": "100", "missing_lines": 0, "excluded_lines": 1, "percent_statements_covered": 100.0, "percent_statements_covered_display": "100"}, "missing_lines": [], "excluded_lines": [546], "start_line": 536}, "ChannelTag": {"executed_lines": [], "summary": {"covered_lines": 0, "num_statements": 0, "percent_covered": 100.0, "percent_covered_display": "100", "missing_lines": 0, "excluded_lines": 1, "percent_statements_covered": 100.0, "percent_statements_covered_display": "100"}, "missing_lines": [], "excluded_lines": [583], "start_line": 549}, "ChannelLink": {"executed_lines": [], "summary": {"covered_lines": 0, "num_statements": 0, "percent_covered": 100.0, "percent_covered_display": "100", "missing_lines": 0, "excluded_lines": 2, "percent_statements_covered": 100.0, "percent_statements_covered_display": "100"}, "missing_lines": [], "excluded_lines": [646, 647], "start_line": 586}, "ActiveStream": {"executed_lines": [], "summary": {"covered_lines": 0, "num_statements": 0, "percent_covered": 100.0, "percent_covered_display": "100", "missing_lines": 0, "excluded_lines": 1, "percent_statements_covered": 100.0, "percent_statements_covered_display": "100"}, "missing_lines": [], "excluded_lines": [667], "start_line": 650}, "PlaylistConfig": {"executed_lines": [], "summary": {"covered_lines": 0, "num_statements": 0, "percent_covered": 100.0, "percent_covered_display": "100", "missing_lines": 0, "excluded_lines": 1, "percent_statements_covered": 100.0, "percent_statements_covered_display": "100"}, "missing_lines": [], "excluded_lines": [699], "start_line": 670}, "EpgSource": {"executed_lines": [], "summary": {"covered_lines": 0, "num_statements": 0, "percent_covered": 100.0, "percent_covered_display": "100", "missing_lines": 0, "excluded_lines": 1, "percent_statements_covered": 100.0, "percent_statements_covered_display": "100"}, "missing_lines": [], "excluded_lines": [756], "start_line": 707}, "EpgChannel": {"executed_lines": [], "summary": {"covered_lines": 0, "num_statements": 0, "percent_covered": 100.0, "percent_covered_display": "100", "missing_lines": 0, "excluded_lines": 1, "percent_statements_covered": 100.0, "percent_statements_covered_display": "100"}, "missing_lines": [], "excluded_lines": [800], "start_line": 759}, "ChannelEpgMapping": {"executed_lines": [], "summary": {"covered_lines": 0, "num_statements": 0, "percent_covered": 100.0, "percent_covered_display": "100", "missing_lines": 0, "excluded_lines": 1, "percent_statements_covered": 100.0, "percent_statements_covered_display": "100"}, "missing_lines": [], "excluded_lines": [841], "start_line": 803}, "SdLineup": {"executed_lines": [], "summary": {"covered_lines": 0, "num_statements": 0, "percent_covered": 100.0, "percent_covered_display": "100", "missing_lines": 0, "excluded_lines": 1, "percent_statements_covered": 100.0, "percent_statements_covered_display": "100"}, "missing_lines": [], "excluded_lines": [876], "start_line": 844}, "SdStation": {"executed_lines": [], "summary": {"covered_lines": 0, "num_statements": 0, "percent_covered": 100.0, "percent_covered_display": "100", "missing_lines": 0, "excluded_lines": 1, "percent_statements_covered": 100.0, "percent_statements_covered_display": "100"}, "missing_lines": [], "excluded_lines": [913], "start_line": 879}, "CachedImage": {"executed_lines": [], "summary": {"covered_lines": 0, "num_statements": 0, "percent_covered": 100.0, "percent_covered_display": "100", "missing_lines": 0, "excluded_lines": 1, "percent_statements_covered": 100.0, "percent_statements_covered_display": "100"}, "missing_lines": [], "excluded_lines": [947], "start_line": 916}, "FccFacility": {"executed_lines": [], "summary": {"covered_lines": 0, "num_statements": 0, "percent_covered": 100.0, "percent_covered_display": "100", "missing_lines": 0, "excluded_lines": 1, "percent_statements_covered": 100.0, "percent_statements_covered_display": "100"}, "missing_lines": [], "excluded_lines": [1011], "start_line": 950}, "FccCorrection": {"executed_lines": [], "summary": {"covered_lines": 0, "num_statements": 0, "percent_covered": 100.0, "percent_covered_display": "100", "missing_lines": 0, "excluded_lines": 1, "percent_statements_covered": 100.0, "percent_statements_covered_display": "100"}, "missing_lines": [], "excluded_lines": [1057], "start_line": 1014}, "EpgMatchRuleSet": {"executed_lines": [], "summary": {"covered_lines": 0, "num_statements": 0, "percent_covered": 100.0, "percent_covered_display": "100", "missing_lines": 0, "excluded_lines": 1, "percent_statements_covered": 100.0, "percent_statements_covered_display": "100"}, "missing_lines": [], "excluded_lines": [1101], "start_line": 1065}, "AccountEpgMatchRuleSet": {"executed_lines": [], "summary": {"covered_lines": 0, "num_statements": 0, "percent_covered": 100.0, "percent_covered_display": "100", "missing_lines": 0, "excluded_lines": 1, "percent_statements_covered": 100.0, "percent_statements_covered_display": "100"}, "missing_lines": [], "excluded_lines": [1119], "start_line": 1104}, "EpgMatchRule": {"executed_lines": [], "summary": {"covered_lines": 0, "num_statements": 0, "percent_covered": 100.0, "percent_covered_display": "100", "missing_lines": 0, "excluded_lines": 1, "percent_statements_covered": 100.0, "percent_statements_covered_display": "100"}, "missing_lines": [], "excluded_lines": [1248], "start_line": 1122}, "EpgExclusionPattern": {"executed_lines": [], "summary": {"covered_lines": 0, "num_statements": 0, "percent_covered": 100.0, "percent_covered_display": "100", "missing_lines": 0, "excluded_lines": 1, "percent_statements_covered": 100.0, "percent_statements_covered_display": "100"}, "missing_lines": [], "excluded_lines": [1295], "start_line": 1251}, "EpgChannelNameMapping": {"executed_lines": [], "summary": {"covered_lines": 0, "num_statements": 0, "percent_covered": 100.0, "percent_covered_display": "100", "missing_lines": 0, "excluded_lines": 1, "percent_statements_covered": 100.0, "percent_statements_covered_display": "100"}, "missing_lines": [], "excluded_lines": [1368], "start_line": 1298}, "FccMatchNetwork": {"executed_lines": [], "summary": {"covered_lines": 0, "num_statements": 0, "percent_covered": 100.0, "percent_covered_display": "100", "missing_lines": 0, "excluded_lines": 1, "percent_statements_covered": 100.0, "percent_statements_covered_display": "100"}, "missing_lines": [], "excluded_lines": [1408], "start_line": 1376}, "FccMatchChannelPattern": {"executed_lines": [], "summary": {"covered_lines": 0, "num_statements": 0, "percent_covered": 100.0, "percent_covered_display": "100", "missing_lines": 0, "excluded_lines": 1, "percent_statements_covered": 100.0, "percent_statements_covered_display": "100"}, "missing_lines": [], "excluded_lines": [1446], "start_line": 1411}, "FccMatchLocationPattern": {"executed_lines": [], "summary": {"covered_lines": 0, "num_statements": 0, "percent_covered": 100.0, "percent_covered_display": "100", "missing_lines": 0, "excluded_lines": 1, "percent_statements_covered": 100.0, "percent_statements_covered_display": "100"}, "missing_lines": [], "excluded_lines": [1489], "start_line": 1449}, "FccMatchStrategy": {"executed_lines": [], "summary": {"covered_lines": 0, "num_statements": 0, "percent_covered": 100.0, "percent_covered_display": "100", "missing_lines": 0, "excluded_lines": 1, "percent_statements_covered": 100.0, "percent_statements_covered_display": "100"}, "missing_lines": [], "excluded_lines": [1546], "start_line": 1492}, "EpgCountrySuffix": {"executed_lines": [], "summary": {"covered_lines": 0, "num_statements": 4, "percent_covered": 0.0, "percent_covered_display": "0", "missing_lines": 4, "excluded_lines": 1, "percent_statements_covered": 0.0, "percent_statements_covered_display": "0"}, "missing_lines": [1580, 1582, 1583, 1584], "excluded_lines": [1587], "start_line": 1549}, "QualityTag": {"executed_lines": [], "summary": {"covered_lines": 0, "num_statements": 0, "percent_covered": 100.0, "percent_covered_display": "100", "missing_lines": 0, "excluded_lines": 1, "percent_statements_covered": 100.0, "percent_statements_covered_display": "100"}, "missing_lines": [], "excluded_lines": [1638], "start_line": 1590}, "CountryTag": {"executed_lines": [], "summary": {"covered_lines": 0, "num_statements": 0, "percent_covered": 100.0, "percent_covered_display": "100", "missing_lines": 0, "excluded_lines": 1, "percent_statements_covered": 100.0, "percent_statements_covered_display": "100"}, "missing_lines": [], "excluded_lines": [1671], "start_line": 1641}, "CallsignSuffix": {"executed_lines": [], "summary": {"covered_lines": 0, "num_statements": 0, "percent_covered": 100.0, "percent_covered_display": "100", "missing_lines": 0, "excluded_lines": 1, "percent_statements_covered": 100.0, "percent_statements_covered_display": "100"}, "missing_lines": [], "excluded_lines": [1705], "start_line": 1674}, "ChannelHealthCheck": {"executed_lines": [], "summary": {"covered_lines": 0, "num_statements": 0, "percent_covered": 100.0, "percent_covered_display": "100", "missing_lines": 0, "excluded_lines": 1, "percent_statements_covered": 100.0, "percent_statements_covered_display": "100"}, "missing_lines": [], "excluded_lines": [1795], "start_line": 1713}, "ChannelHealthStatus": {"executed_lines": [], "summary": {"covered_lines": 0, "num_statements": 0, "percent_covered": 100.0, "percent_covered_display": "100", "missing_lines": 0, "excluded_lines": 1, "percent_statements_covered": 100.0, "percent_statements_covered_display": "100"}, "missing_lines": [], "excluded_lines": [1872], "start_line": 1798}, "ChannelHealthConfig": {"executed_lines": [1926, 1927, 1928, 1930, 1931, 1932, 1937, 1938, 1939, 1940, 1941, 1946, 1947, 1948, 1955, 1956, 1958, 1963, 1964, 1965, 1966, 1967, 1970, 1971, 1972, 1973, 1974, 1975, 1976, 1981, 1983, 1984, 1986, 1988], "summary": {"covered_lines": 34, "num_statements": 39, "percent_covered": 87.17948717948718, "percent_covered_display": "87", "missing_lines": 5, "excluded_lines": 1, "percent_statements_covered": 87.17948717948718, "percent_statements_covered_display": "87"}, "missing_lines": [1949, 1950, 1957, 1968, 1987], "excluded_lines": [1991], "start_line": 1875}, "Settings": {"executed_lines": [2041, 2042, 2043, 2045, 2046, 2047, 2052, 2053, 2054, 2055, 2056, 2059, 2060, 2061, 2062, 2063, 2064, 2065, 2070, 2072, 2073, 2075, 2077], "summary": {"covered_lines": 23, "num_statements": 25, "percent_covered": 92.0, "percent_covered_display": "92", "missing_lines": 2, "excluded_lines": 1, "percent_statements_covered": 92.0, "percent_statements_covered_display": "92"}, "missing_lines": [2057, 2076], "excluded_lines": [2080], "start_line": 1994}, "XtreamCredential": {"executed_lines": [], "summary": {"covered_lines": 0, "num_statements": 0, "percent_covered": 100.0, "percent_covered_display": "100", "missing_lines": 0, "excluded_lines": 2, "percent_statements_covered": 100.0, "percent_statements_covered_display": "100"}, "missing_lines": [], "excluded_lines": [2115, 2116], "start_line": 2083}, "SportsTeam": {"executed_lines": [2172, 2174, 2176, 2177, 2183, 2185, 2189, 2190, 2191, 2192, 2193, 2202, 2203, 2204, 2206, 2208, 2209, 2210, 2215, 2216, 2220, 2221, 2222, 2223, 2224], "summary": {"covered_lines": 25, "num_statements": 29, "percent_covered": 86.20689655172414, "percent_covered_display": "86", "missing_lines": 4, "excluded_lines": 1, "percent_statements_covered": 86.20689655172414, "percent_statements_covered_display": "86"}, "missing_lines": [2175, 2178, 2179, 2218], "excluded_lines": [2227], "start_line": 2119}, "": {"executed_lines": [5, 7, 9, 12, 15, 17, 18, 19, 20, 26, 27, 46, 47, 75, 78, 80, 81, 82, 84, 85, 86, 90, 91, 92, 93, 96, 98, 99, 106, 107, 108, 111, 115, 128, 138, 141, 143, 144, 145, 146, 149, 150, 153, 154, 156, 157, 158, 164, 172, 175, 177, 178, 179, 180, 181, 182, 183, 184, 185, 195, 198, 200, 201, 202, 203, 204, 205, 206, 207, 214, 222, 225, 227, 228, 229, 230, 231, 234, 240, 243, 246, 247, 248, 249, 251, 252, 253, 254, 255, 256, 257, 258, 259, 260, 263, 264, 265, 266, 276, 279, 281, 282, 283, 284, 285, 286, 289, 290, 291, 292, 293, 300, 310, 313, 315, 316, 317, 318, 319, 320, 321, 322, 323, 324, 325, 326, 327, 328, 331, 332, 333, 334, 335, 336, 343, 346, 352, 355, 356, 357, 360, 363, 374, 383, 386, 387, 388, 390, 393, 394, 395, 396, 398, 400, 403, 404, 407, 408, 409, 410, 413, 414, 415, 416, 419, 420, 421, 422, 425, 428, 429, 430, 431, 435, 438, 439, 440, 443, 444, 445, 448, 449, 454, 457, 465, 472, 473, 483, 491, 493, 494, 495, 498, 499, 500, 503, 504, 506, 507, 514, 519, 526, 536, 539, 541, 542, 543, 549, 552, 555, 556, 557, 558, 560, 561, 562, 563, 564, 565, 566, 573, 577, 586, 599, 601, 604, 607, 610, 613, 617, 619, 620, 627, 632, 638, 650, 653, 655, 656, 657, 658, 659, 660, 661, 664, 670, 673, 675, 676, 677, 680, 681, 684, 685, 688, 690, 691, 692, 707, 710, 712, 713, 715, 718, 721, 724, 725, 726, 729, 730, 731, 732, 733, 736, 738, 739, 740, 741, 742, 744, 745, 752, 753, 759, 762, 764, 765, 766, 769, 770, 773, 774, 778, 781, 782, 783, 785, 786, 787, 794, 803, 806, 808, 809, 810, 813, 814, 817, 820, 822, 823, 830, 831, 834, 844, 847, 849, 850, 851, 852, 853, 854, 855, 858, 861, 863, 864, 871, 873, 879, 882, 884, 885, 886, 887, 890, 891, 892, 893, 894, 896, 897, 904, 906, 916, 923, 925, 926, 927, 928, 929, 930, 933, 934, 935, 936, 939, 940, 941, 942, 944, 950, 967, 969, 970, 973, 974, 975, 978, 979, 982, 983, 986, 987, 988, 991, 992, 995, 996, 997, 1003, 1014, 1029, 1031, 1034, 1035, 1038, 1039, 1040, 1041, 1042, 1045, 1046, 1047, 1048, 1054, 1065, 1076, 1078, 1079, 1080, 1081, 1082, 1083, 1084, 1085, 1092, 1104, 1107, 1109, 1110, 1111, 1112, 1113, 1116, 1122, 1152, 1155, 1156, 1157, 1158, 1159, 1160, 1161, 1162, 1163, 1164, 1166, 1180, 1181, 1182, 1184, 1187, 1188, 1189, 1190, 1191, 1193, 1201, 1202, 1203, 1204, 1207, 1208, 1209, 1210, 1213, 1216, 1217, 1220, 1223, 1224, 1227, 1230, 1233, 1236, 1237, 1238, 1240, 1241, 1251, 1264, 1267, 1268, 1269, 1271, 1273, 1274, 1275, 1277, 1278, 1279, 1282, 1284, 1285, 1287, 1288, 1298, 1322, 1325, 1326, 1327, 1328, 1329, 1331, 1339, 1340, 1341, 1344, 1347, 1350, 1353, 1356, 1358, 1360, 1361, 1376, 1384, 1386, 1387, 1388, 1389, 1392, 1395, 1397, 1398, 1400, 1401, 1411, 1419, 1421, 1422, 1423, 1426, 1427, 1430, 1433, 1435, 1436, 1438, 1439, 1449, 1460, 1462, 1463, 1464, 1467, 1468, 1471, 1472, 1475, 1476, 1478, 1479, 1481, 1482, 1492, 1500, 1503, 1504, 1505, 1506, 1507, 1509, 1517, 1518, 1519, 1522, 1525, 1526, 1527, 1528, 1531, 1532, 1533, 1535, 1536, 1538, 1539, 1549, 1557, 1559, 1560, 1561, 1565, 1567, 1568, 1570, 1571, 1577, 1578, 1590, 1599, 1602, 1603, 1604, 1605, 1606, 1608, 1616, 1617, 1618, 1619, 1623, 1626, 1628, 1630, 1631, 1641, 1649, 1651, 1652, 1653, 1656, 1659, 1661, 1663, 1664, 1674, 1682, 1684, 1685, 1686, 1689, 1692, 1694, 1695, 1697, 1698, 1713, 1726, 1729, 1730, 1731, 1732, 1733, 1734, 1735, 1736, 1737, 1739, 1752, 1762, 1763, 1766, 1767, 1768, 1772, 1775, 1776, 1781, 1784, 1787, 1789, 1798, 1816, 1819, 1820, 1821, 1822, 1823, 1825, 1827, 1828, 1831, 1834, 1835, 1836, 1839, 1840, 1841, 1842, 1843, 1847, 1850, 1853, 1854, 1855, 1857, 1858, 1865, 1869, 1875, 1886, 1888, 1889, 1890, 1891, 1892, 1899, 1923, 1924, 1934, 1935, 1943, 1944, 1952, 1953, 1960, 1961, 1978, 1979, 1994, 2002, 2004, 2005, 2006, 2007, 2008, 2015, 2038, 2039, 2049, 2050, 2067, 2068, 2083, 2086, 2088, 2089, 2090, 2093, 2094, 2097, 2098, 2101, 2102, 2103, 2104, 2111, 2112, 2119, 2127, 2130, 2131, 2132, 2133, 2134, 2135, 2137, 2139, 2142, 2143, 2144, 2148, 2151, 2152, 2153, 2156, 2157, 2162, 2164, 2170, 2181, 2187, 2195, 2196, 2212, 2213], "summary": {"covered_lines": 739, "num_statements": 739, "percent_covered": 100.0, "percent_covered_display": "100", "missing_lines": 0, "excluded_lines": 42, "percent_statements_covered": 100.0, "percent_statements_covered_display": "100"}, "missing_lines": [], "excluded_lines": [134, 168, 191, 218, 236, 272, 306, 370, 479, 532, 545, 582, 645, 666, 698, 755, 799, 840, 875, 912, 946, 1010, 1056, 1100, 1118, 1247, 1294, 1367, 1407, 1445, 1488, 1545, 1586, 1637, 1670, 1704, 1794, 1871, 1990, 2079, 2114, 2226], "start_line": 1}}}, "routes/__init__.py": {"executed_lines": [], "summary": {"covered_lines": 0, "num_statements": 0, "percent_covered": 100.0, "percent_covered_display": "100", "missing_lines": 0, "excluded_lines": 0, "percent_statements_covered": 100.0, "percent_statements_covered_display": "100"}, "missing_lines": [], "excluded_lines": [], "functions": {"": {"executed_lines": [], "summary": {"covered_lines": 0, "num_statements": 0, "percent_covered": 100.0, "percent_covered_display": "100", "missing_lines": 0, "excluded_lines": 0, "percent_statements_covered": 100.0, "percent_statements_covered_display": "100"}, "missing_lines": [], "excluded_lines": [], "start_line": 1}}, "classes": {"": {"executed_lines": [], "summary": {"covered_lines": 0, "num_statements": 0, "percent_covered": 100.0, "percent_covered_display": "100", "missing_lines": 0, "excluded_lines": 0, "percent_statements_covered": 100.0, "percent_statements_covered_display": "100"}, "missing_lines": [], "excluded_lines": [], "start_line": 1}}}, "routes/accounts.py": {"executed_lines": [4, 6, 7, 9, 10, 11, 12, 13, 14, 15, 16, 18, 21, 24, 27, 29, 40, 42, 43, 44, 54, 55, 57, 60, 66, 68, 69, 70, 81, 82, 85, 86, 89, 90, 91, 93, 95, 108, 109, 112, 119, 120, 122, 139, 140, 141, 143, 144, 146, 147, 148, 149, 151, 153, 155, 156, 158, 170, 171, 199, 200, 208, 209, 211, 214, 217, 218, 220, 223, 224, 226, 229, 232, 233, 234, 237, 238, 239, 241, 260, 261, 262, 265, 266, 267, 268, 270, 271, 272, 273, 276, 277, 278, 279, 280, 283, 284, 285, 286, 287, 289, 299, 300, 301, 302, 303, 313, 316, 317, 328, 340, 341, 343, 345, 346, 347, 350, 353, 354, 360, 361, 362, 363, 366, 368, 369, 373, 376, 379, 382, 383, 384, 385, 386, 389, 392, 393, 396, 400, 401, 402, 403, 404, 407, 408, 410, 416, 418, 419, 422, 423, 425, 428, 430, 432, 436, 437, 438, 439, 442, 443, 450, 453, 467, 468, 471, 472, 473, 474, 476, 477, 478, 479, 482, 483, 484, 485, 487, 497, 498, 499, 502, 503, 506, 507, 528, 529, 530, 532, 534, 536, 539, 540, 542, 545, 546, 548, 551, 553, 554, 556, 565, 566, 567, 573, 575, 579, 581, 583, 586, 591, 607, 608, 612, 614, 615, 618, 619, 622, 624, 627, 628, 629, 631, 634, 635, 637, 640, 642, 651, 654, 655, 685, 686, 688, 690, 692, 700, 716, 717, 719, 721, 722, 724, 725, 728, 730, 732, 735, 736, 738, 739, 741, 744, 745, 747, 749, 751, 753, 754, 756, 764, 765, 766, 777, 780, 783, 789, 792, 827, 828, 829, 844, 847, 848, 850, 853, 856, 859, 863, 867, 868, 871, 881, 887, 894, 904, 907, 908, 910, 913, 916, 918, 921, 924, 925, 926, 927, 928, 933, 934, 935, 936, 939, 941, 942, 945, 962, 964, 967, 970, 972, 991, 994, 996, 999, 1002, 1005, 1008, 1015, 1016, 1017, 1018, 1019, 1022, 1024, 1025, 1027, 1056, 1057, 1058, 1063, 1065, 1066, 1069, 1070, 1071, 1073, 1074, 1075, 1077, 1078, 1081, 1082, 1085, 1087, 1089, 1090, 1092, 1095, 1097, 1099, 1101, 1104, 1105, 1106, 1111, 1112, 1113, 1114, 1116, 1117, 1120, 1123, 1130, 1132, 1134, 1136, 1139, 1140, 1141, 1147, 1154, 1155, 1158, 1159, 1161, 1163, 1165, 1179, 1180, 1182, 1183, 1186, 1187, 1189, 1190, 1192, 1193, 1196, 1197, 1198, 1200, 1207, 1208, 1211, 1212, 1215, 1216, 1218, 1219, 1220, 1221, 1222, 1223, 1225, 1228, 1229, 1231, 1232, 1234, 1236, 1237, 1238, 1240, 1241, 1242, 1245, 1246, 1248, 1251, 1252, 1254, 1255, 1258, 1259, 1261, 1262, 1264, 1267, 1268, 1303, 1304], "summary": {"covered_lines": 433, "num_statements": 489, "percent_covered": 88.5480572597137, "percent_covered_display": "89", "missing_lines": 56, "excluded_lines": 0, "percent_statements_covered": 88.5480572597137, "percent_statements_covered_display": "89"}, "missing_lines": [46, 84, 150, 152, 179, 180, 182, 185, 187, 188, 193, 194, 196, 202, 204, 205, 355, 356, 357, 358, 370, 397, 451, 576, 584, 657, 659, 660, 663, 665, 667, 677, 882, 888, 889, 896, 902, 1118, 1239, 1243, 1270, 1271, 1273, 1274, 1277, 1278, 1281, 1282, 1283, 1284, 1286, 1298, 1299, 1300, 1306, 1307], "excluded_lines": [], "functions": {"credential_to_dict": {"executed_lines": [29], "summary": {"covered_lines": 1, "num_statements": 1, "percent_covered": 100.0, "percent_covered_display": "100", "missing_lines": 0, "excluded_lines": 0, "percent_statements_covered": 100.0, "percent_statements_covered_display": "100"}, "missing_lines": [], "excluded_lines": [], "start_line": 27}, "get_iptv_service_for_account": {"executed_lines": [42, 43, 44], "summary": {"covered_lines": 3, "num_statements": 4, "percent_covered": 75.0, "percent_covered_display": "75", "missing_lines": 1, "excluded_lines": 0, "percent_statements_covered": 75.0, "percent_statements_covered_display": "75"}, "missing_lines": [46], "excluded_lines": [], "start_line": 40}, "get_accounts": {"executed_lines": [57, 60, 66, 68, 69, 70, 81, 82, 85, 86], "summary": {"covered_lines": 10, "num_statements": 11, "percent_covered": 90.9090909090909, "percent_covered_display": "91", "missing_lines": 1, "excluded_lines": 0, "percent_statements_covered": 90.9090909090909, "percent_statements_covered_display": "91"}, "missing_lines": [84], "excluded_lines": [], "start_line": 55}, "create_account": {"executed_lines": [93, 95, 108, 109, 112, 119, 120, 122], "summary": {"covered_lines": 8, "num_statements": 8, "percent_covered": 100.0, "percent_covered_display": "100", "missing_lines": 0, "excluded_lines": 0, "percent_statements_covered": 100.0, "percent_statements_covered_display": "100"}, "missing_lines": [], "excluded_lines": [], "start_line": 91}, "update_account": {"executed_lines": [143, 144, 146, 147, 148, 149, 151, 153, 155, 156, 158], "summary": {"covered_lines": 11, "num_statements": 13, "percent_covered": 84.61538461538461, "percent_covered_display": "85", "missing_lines": 2, "excluded_lines": 0, "percent_statements_covered": 84.61538461538461, "percent_statements_covered_display": "85"}, "missing_lines": [150, 152], "excluded_lines": [], "start_line": 141}, "update_ppv_visibility": {"executed_lines": [], "summary": {"covered_lines": 0, "num_statements": 9, "percent_covered": 0.0, "percent_covered_display": "0", "missing_lines": 9, "excluded_lines": 0, "percent_statements_covered": 0.0, "percent_statements_covered_display": "0"}, "missing_lines": [179, 180, 182, 185, 187, 188, 193, 194, 196], "excluded_lines": [], "start_line": 171}, "get_ppv_visibility_options": {"executed_lines": [], "summary": {"covered_lines": 0, "num_statements": 3, "percent_covered": 0.0, "percent_covered_display": "0", "missing_lines": 3, "excluded_lines": 0, "percent_statements_covered": 0.0, "percent_statements_covered_display": "0"}, "missing_lines": [202, 204, 205], "excluded_lines": [], "start_line": 200}, "delete_account": {"executed_lines": [211, 214, 217, 218, 220], "summary": {"covered_lines": 5, "num_statements": 5, "percent_covered": 100.0, "percent_covered_display": "100", "missing_lines": 0, "excluded_lines": 0, "percent_statements_covered": 100.0, "percent_statements_covered_display": "100"}, "missing_lines": [], "excluded_lines": [], "start_line": 209}, "test_account": {"executed_lines": [226, 229, 232, 233, 234, 237, 238, 239, 241, 260, 261, 262, 265, 266, 267, 268, 270, 271, 272, 273, 276, 277, 278, 279, 280, 283, 284, 285, 286, 287, 289, 299, 300, 301, 302, 303, 313, 316, 317, 328], "summary": {"covered_lines": 40, "num_statements": 40, "percent_covered": 100.0, "percent_covered_display": "100", "missing_lines": 0, "excluded_lines": 0, "percent_statements_covered": 100.0, "percent_statements_covered_display": "100"}, "missing_lines": [], "excluded_lines": [], "start_line": 224}, "get_account_categories": {"executed_lines": [343, 345, 346, 347, 350, 353, 354, 360, 361, 362, 363], "summary": {"covered_lines": 11, "num_statements": 15, "percent_covered": 73.33333333333333, "percent_covered_display": "73", "missing_lines": 4, "excluded_lines": 0, "percent_statements_covered": 73.33333333333333, "percent_statements_covered_display": "73"}, "missing_lines": [355, 356, 357, 358], "excluded_lines": [], "start_line": 341}, "_process_tags_for_account": {"executed_lines": [368, 369, 373, 376, 379, 382, 383, 384, 385, 386, 389, 392, 393, 396, 400, 401, 402, 403, 404, 407, 408, 410, 416, 418, 419], "summary": {"covered_lines": 25, "num_statements": 27, "percent_covered": 92.5925925925926, "percent_covered_display": "93", "missing_lines": 2, "excluded_lines": 0, "percent_statements_covered": 92.5925925925926, "percent_statements_covered_display": "93"}, "missing_lines": [370, 397], "excluded_lines": [], "start_line": 366}, "get_account_stats": {"executed_lines": [425, 428, 430, 432, 436, 437, 438, 439, 442, 443, 450, 453, 467, 468, 471, 472, 473, 474, 476, 477, 478, 479, 482, 483, 484, 485, 487, 497, 498, 499], "summary": {"covered_lines": 30, "num_statements": 31, "percent_covered": 96.7741935483871, "percent_covered_display": "97", "missing_lines": 1, "excluded_lines": 0, "percent_statements_covered": 96.7741935483871, "percent_statements_covered_display": "97"}, "missing_lines": [451], "excluded_lines": [], "start_line": 423}, "get_account_filters": {"executed_lines": [506, 507], "summary": {"covered_lines": 2, "num_statements": 2, "percent_covered": 100.0, "percent_covered_display": "100", "missing_lines": 0, "excluded_lines": 0, "percent_statements_covered": 100.0, "percent_statements_covered_display": "100"}, "missing_lines": [], "excluded_lines": [], "start_line": 503}, "sync_account_channels": {"executed_lines": [532, 534, 536, 539, 540, 542], "summary": {"covered_lines": 6, "num_statements": 6, "percent_covered": 100.0, "percent_covered_display": "100", "missing_lines": 0, "excluded_lines": 0, "percent_statements_covered": 100.0, "percent_statements_covered_display": "100"}, "missing_lines": [], "excluded_lines": [], "start_line": 530}, "get_sync_status": {"executed_lines": [548, 551, 553, 554, 556], "summary": {"covered_lines": 5, "num_statements": 5, "percent_covered": 100.0, "percent_covered_display": "100", "mi
[...]
_display": "100", "missing_lines": 0, "excluded_lines": 1, "percent_statements_covered": 100.0, "percent_statements_covered_display": "100"}, "missing_lines": [], "excluded_lines": [138], "start_line": 1}}, "classes": {"CalendarEvent": {"executed_lines": [61, 62, 63, 64, 65, 66, 67, 68, 69, 70, 72, 73, 79, 80, 83, 85, 87, 88, 91, 92, 95, 96, 97, 98, 99, 101, 102, 105, 106, 107, 108, 109, 111, 112, 113, 115, 116, 117, 118, 119, 120, 124], "summary": {"covered_lines": 42, "num_statements": 42, "percent_covered": 100.0, "percent_covered_display": "100", "missing_lines": 0, "excluded_lines": 1, "percent_statements_covered": 100.0, "percent_statements_covered_display": "100"}, "missing_lines": [], "excluded_lines": [139], "start_line": 45}, "TheSportsDBCalendarScraper": {"executed_lines": [162, 163, 164, 165, 166, 167, 170, 172, 173, 174, 177, 179, 180, 198, 199, 200, 202, 203, 204, 206, 207, 209, 210, 212, 213, 214, 229, 230, 232, 233, 234, 243, 245, 248, 249, 251, 253, 254, 259, 260, 262, 263, 264, 265, 266, 267, 273, 277, 278, 279, 280, 294, 297, 298, 299, 300, 301, 304, 305, 306, 307, 309, 310, 311, 362, 363, 366, 368, 369, 370, 371, 372, 377, 390, 391, 392, 395, 396, 397, 401, 403, 406, 412, 413, 414, 415, 418, 419, 420, 423, 424, 425, 427, 431, 432, 437, 438, 441, 442, 445, 447, 471, 477, 478, 479, 480, 482, 534, 535, 537, 538, 547, 548, 551, 552, 577, 578, 581, 582, 583, 585, 586, 588, 589, 590, 591, 594, 600, 604, 605, 606, 607, 608, 609, 612, 625, 628, 629, 630, 631, 634, 638, 639, 642, 645, 658, 660, 661, 664, 665, 667, 668, 670, 671, 672, 681, 682, 683, 684, 685, 689, 693, 694, 695, 696, 699, 700, 703, 704, 705, 707], "summary": {"covered_lines": 171, "num_statements": 219, "percent_covered": 78.08219178082192, "percent_covered_display": "78", "missing_lines": 48, "excluded_lines": 0, "percent_statements_covered": 78.08219178082192, "percent_statements_covered_display": "78"}, "missing_lines": [190, 191, 192, 193, 194, 238, 239, 268, 269, 312, 313, 315, 316, 317, 318, 319, 332, 334, 335, 337, 338, 340, 373, 374, 375, 398, 407, 409, 434, 439, 498, 500, 501, 503, 504, 505, 506, 507, 509, 595, 596, 597, 601, 610, 635, 643, 686, 687], "excluded_lines": [], "start_line": 142}, "": {"executed_lines": [15, 16, 17, 18, 19, 20, 21, 22, 24, 25, 27, 30, 33, 36, 39, 42, 45, 48, 75, 76, 122, 142, 154, 188, 196, 241, 271, 275, 282, 321, 342, 379, 460, 484, 511, 554, 614, 647, 674, 691, 723, 726, 729, 730, 731], "summary": {"covered_lines": 45, "num_statements": 45, "percent_covered": 100.0, "percent_covered_display": "100", "missing_lines": 0, "excluded_lines": 1, "percent_statements_covered": 100.0, "percent_statements_covered_display": "100"}, "missing_lines": [], "excluded_lines": [138], "start_line": 1}}}, "services/thesportsdb_service.py": {"executed_lines": [8, 9, 10, 12, 14, 17, 41, 44, 45, 46, 48, 70, 71, 73, 74, 75, 77, 78, 79, 80, 83, 85, 86, 88, 89, 90, 92, 104, 105, 107, 111, 112, 113, 114, 117, 119, 120, 121, 123, 139, 140, 143, 147, 153, 154, 155, 158, 161, 162, 164, 165, 166, 168, 184, 185, 187, 192, 195, 196, 198, 199, 200, 202, 208, 225, 226, 228, 231, 232, 234, 236, 237, 240, 241, 243, 244, 245, 247, 251, 252, 254, 265, 266, 268, 270, 272, 274, 284, 285, 287, 291, 292, 293, 294, 296, 298, 299, 300, 302, 312, 313, 314, 317, 318, 319, 320, 321, 324, 330, 341, 342, 343, 344, 345, 346, 352, 354, 355, 359, 362, 365, 366, 367], "summary": {"covered_lines": 123, "num_statements": 145, "percent_covered": 84.82758620689656, "percent_covered_display": "85", "missing_lines": 22, "excluded_lines": 0, "percent_statements_covered": 84.82758620689656, "percent_statements_covered_display": "85"}, "missing_lines": [108, 109, 144, 145, 148, 149, 159, 188, 189, 204, 205, 206, 248, 249, 288, 289, 325, 326, 328, 347, 348, 350], "excluded_lines": [], "functions": {"TheSportsDBService.__init__": {"executed_lines": [45, 46], "summary": {"covered_lines": 2, "num_statements": 2, "percent_covered": 100.0, "percent_covered_display": "100", "missing_lines": 0, "excluded_lines": 0, "percent_statements_covered": 100.0, "percent_statements_covered_display": "100"}, "missing_lines": [], "excluded_lines": [], "start_line": 44}, "TheSportsDBService.get_next_league_events": {"executed_lines": [70, 71, 73, 74, 75, 77, 78, 79, 80, 83, 85, 86, 88, 89, 90], "summary": {"covered_lines": 15, "num_statements": 15, "percent_covered": 100.0, "percent_covered_display": "100", "missing_lines": 0, "excluded_lines": 0, "percent_statements_covered": 100.0, "percent_statements_covered_display": "100"}, "missing_lines": [], "excluded_lines": [], "start_line": 48}, "TheSportsDBService.get_league_season_events": {"executed_lines": [104, 105, 107, 111, 112, 113, 114, 117, 119, 120, 121], "summary": {"covered_lines": 11, "num_statements": 13, "percent_covered": 84.61538461538461, "percent_covered_display": "85", "missing_lines": 2, "excluded_lines": 0, "percent_statements_covered": 84.61538461538461, "percent_statements_covered_display": "85"}, "missing_lines": [108, 109], "excluded_lines": [], "start_line": 92}, "TheSportsDBService.get_league_info": {"executed_lines": [139, 140, 143, 147, 153, 154, 155, 158, 161, 162, 164, 165, 166], "summary": {"covered_lines": 13, "num_statements": 18, "percent_covered": 72.22222222222223, "percent_covered_display": "72", "missing_lines": 5, "excluded_lines": 0, "percent_statements_covered": 72.22222222222223, "percent_statements_covered_display": "72"}, "missing_lines": [144, 145, 148, 149, 159], "excluded_lines": [], "start_line": 123}, "TheSportsDBService.get_league_teams": {"executed_lines": [184, 185, 187, 192, 195, 196, 198, 199, 200, 202], "summary": {"covered_lines": 10, "num_statements": 15, "percent_covered": 66.66666666666667, "percent_covered_display": "67", "missing_lines": 5, "excluded_lines": 0, "percent_statements_covered": 66.66666666666667, "percent_statements_covered_display": "67"}, "missing_lines": [188, 189, 204, 205, 206], "excluded_lines": [], "start_line": 168}, "TheSportsDBService.match_channel_to_event": {"executed_lines": [225, 226, 228, 231, 232, 234, 236, 237, 240, 241, 243, 244, 245, 247, 251, 252], "summary": {"covered_lines": 16, "num_statements": 18, "percent_covered": 88.88888888888889, "percent_covered_display": "89", "missing_lines": 2, "excluded_lines": 0, "percent_statements_covered": 88.88888888888889, "percent_statements_covered_display": "89"}, "missing_lines": [248, 249], "excluded_lines": [], "start_line": 208}, "TheSportsDBService.find_events_for_date": {"executed_lines": [265, 266, 268, 270, 272], "summary": {"covered_lines": 5, "num_statements": 5, "percent_covered": 100.0, "percent_covered_display": "100", "missing_lines": 0, "excluded_lines": 0, "percent_statements_covered": 100.0, "percent_statements_covered_display": "100"}, "missing_lines": [], "excluded_lines": [], "start_line": 254}, "TheSportsDBService.get_event_by_id": {"executed_lines": [284, 285, 287, 291, 292, 293, 294, 296, 298, 299, 300], "summary": {"covered_lines": 11, "num_statements": 13, "percent_covered": 84.61538461538461, "percent_covered_display": "85", "missing_lines": 2, "excluded_lines": 0, "percent_statements_covered": 84.61538461538461, "percent_statements_covered_display": "85"}, "missing_lines": [288, 289], "excluded_lines": [], "start_line": 274}, "TheSportsDBService.is_event_live": {"executed_lines": [312, 313, 314, 317, 318, 319, 320, 321, 324], "summary": {"covered_lines": 9, "num_statements": 12, "percent_covered": 75.0, "percent_covered_display": "75", "missing_lines": 3, "excluded_lines": 0, "percent_statements_covered": 75.0, "percent_statements_covered_display": "75"}, "missing_lines": [325, 326, 328], "excluded_lines": [], "start_line": 302}, "TheSportsDBService.is_event_upcoming": {"executed_lines": [341, 342, 343, 344, 345, 346], "summary": {"covered_lines": 6, "num_statements": 9, "percent_covered": 66.66666666666667, "percent_covered_display": "67", "missing_lines": 3, "excluded_lines": 0, "percent_statements_covered": 66.66666666666667, "percent_statements_covered_display": "67"}, "missing_lines": [347, 348, 350], "excluded_lines": [], "start_line": 330}, "TheSportsDBService.clear_cache": {"executed_lines": [354, 355], "summary": {"covered_lines": 2, "num_statements": 2, "percent_covered": 100.0, "percent_covered_display": "100", "missing_lines": 0, "excluded_lines": 0, "percent_statements_covered": 100.0, "percent_statements_covered_display": "100"}, "missing_lines": [], "excluded_lines": [], "start_line": 352}, "get_thesportsdb_service": {"executed_lines": [365, 366, 367], "summary": {"covered_lines": 3, "num_statements": 3, "percent_covered": 100.0, "percent_covered_display": "100", "missing_lines": 0, "excluded_lines": 0, "percent_statements_covered": 100.0, "percent_statements_covered_display": "100"}, "missing_lines": [], "excluded_lines": [], "start_line": 362}, "": {"executed_lines": [8, 9, 10, 12, 14, 17, 41, 44, 48, 92, 123, 168, 208, 254, 274, 302, 330, 352, 359, 362], "summary": {"covered_lines": 20, "num_statements": 20, "percent_covered": 100.0, "percent_covered_display": "100", "missing_lines": 0, "excluded_lines": 0, "percent_statements_covered": 100.0, "percent_statements_covered_display": "100"}, "missing_lines": [], "excluded_lines": [], "start_line": 1}}, "classes": {"TheSportsDBService": {"executed_lines": [45, 46, 70, 71, 73, 74, 75, 77, 78, 79, 80, 83, 85, 86, 88, 89, 90, 104, 105, 107, 111, 112, 113, 114, 117, 119, 120, 121, 139, 140, 143, 147, 153, 154, 155, 158, 161, 162, 164, 165, 166, 184, 185, 187, 192, 195, 196, 198, 199, 200, 202, 225, 226, 228, 231, 232, 234, 236, 237, 240, 241, 243, 244, 245, 247, 251, 252, 265, 266, 268, 270, 272, 284, 285, 287, 291, 292, 293, 294, 296, 298, 299, 300, 312, 313, 314, 317, 318, 319, 320, 321, 324, 341, 342, 343, 344, 345, 346, 354, 355], "summary": {"covered_lines": 100, "num_statements": 122, "percent_covered": 81.9672131147541, "percent_covered_display": "82", "missing_lines": 22, "excluded_lines": 0, "percent_statements_covered": 81.9672131147541, "percent_statements_covered_display": "82"}, "missing_lines": [108, 109, 144, 145, 148, 149, 159, 188, 189, 204, 205, 206, 248, 249, 288, 289, 325, 326, 328, 347, 348, 350], "excluded_lines": [], "start_line": 41}, "": {"executed_lines": [8, 9, 10, 12, 14, 17, 41, 44, 48, 92, 123, 168, 208, 254, 274, 302, 330, 352, 359, 362, 365, 366, 367], "summary": {"covered_lines": 23, "num_statements": 23, "percent_covered": 100.0, "percent_covered_display": "100", "missing_lines": 0, "excluded_lines": 0, "percent_statements_covered": 100.0, "percent_statements_covered_display": "100"}, "missing_lines": [], "excluded_lines": [], "start_line": 1}}}, "services/xmltv_grabber_service.py": {"executed_lines": [13, 14, 15, 16, 17, 18, 19, 21, 25, 31, 32, 41, 42, 51, 54, 55, 62, 65, 71, 72, 73, 75, 76, 77, 78, 79, 80, 81, 84, 86, 87, 89, 90, 101, 102, 104, 106, 112, 113, 114, 115, 117, 119, 125, 126, 127, 128, 130, 137, 138, 148, 149, 150, 151, 152, 154, 155, 174, 175, 176, 179, 181, 183, 185, 186, 187, 188, 193, 194, 200, 201, 203, 205, 206, 216, 218, 219, 221, 222, 223, 224, 225, 236, 238, 239, 249, 251, 252, 254, 255, 256, 257, 261, 262, 284, 285, 286, 288, 291, 299, 302, 306, 310, 313, 315, 316, 322, 323, 324, 327, 328, 330, 331, 332, 334, 335, 339, 340, 354, 355, 356, 358, 360, 365, 366, 372, 374, 375, 385, 386, 396, 398, 400, 401, 403, 404, 405, 406, 408, 409, 410, 411, 413, 414, 415, 416, 418, 426, 427, 429, 431, 432, 443, 453, 455, 456, 458, 459, 462, 468, 469, 470, 472, 473, 475, 476, 480, 482], "summary": {"covered_lines": 168, "num_statements": 197, "percent_covered": 85.27918781725889, "percent_covered_display": "85", "missing_lines": 29, "excluded_lines": 0, "percent_statements_covered": 85.27918781725889, "percent_statements_covered_display": "85"}, "missing_lines": [189, 190, 198, 233, 234, 258, 259, 292, 293, 294, 296, 303, 307, 311, 325, 326, 336, 337, 361, 362, 363, 377, 378, 380, 381, 382, 383, 477, 478], "excluded_lines": [], "functions": {"XmltvGrabberService.get_installed_grabbers": {"executed_lines": [62, 65, 71, 72, 73, 75, 76, 77, 78, 79, 80, 81, 84, 86, 87], "summary": {"covered_lines": 15, "num_statements": 15, "percent_covered": 100.0, "percent_covered_display": "100", "missing_lines": 0, "excluded_lines": 0, "percent_statements_covered": 100.0, "percent_statements_covered_display": "100"}, "missing_lines": [], "excluded_lines": [], "start_line": 55}, "XmltvGrabberService._get_grabber_info": {"executed_lines": [101, 102, 104, 106, 112, 113, 114, 115, 117, 119, 125, 126, 127, 128, 130], "summary": {"covered_lines": 15, "num_statements": 15, "percent_covered": 100.0, "percent_covered_display": "100", "missing_lines": 0, "excluded_lines": 0, "percent_statements_covered": 100.0, "percent_statements_covered_display": "100"}, "missing_lines": [], "excluded_lines": [], "start_line": 90}, "XmltvGrabberService.get_grabber_by_name": {"executed_lines": [148, 149, 150, 151, 152], "summary": {"covered_lines": 5, "num_statements": 5, "percent_covered": 100.0, "percent_covered_display": "100", "missing_lines": 0, "excluded_lines": 0, "percent_statements_covered": 100.0, "percent_statements_covered_display": "100"}, "missing_lines": [], "excluded_lines": [], "start_line": 138}, "XmltvGrabberService.configure_grabber": {"executed_lines": [174, 175, 176, 179, 181, 183, 185, 186, 187, 188, 193, 194], "summary": {"covered_lines": 12, "num_statements": 15, "percent_covered": 80.0, "percent_covered_display": "80", "missing_lines": 3, "excluded_lines": 0, "percent_statements_covered": 80.0, "percent_statements_covered_display": "80"}, "missing_lines": [189, 190, 198], "excluded_lines": [], "start_line": 155}, "XmltvGrabberService.get_grabber_config_path": {"executed_lines": [203], "summary": {"covered_lines": 1, "num_statements": 1, "percent_covered": 100.0, "percent_covered_display": "100", "missing_lines": 0, "excluded_lines": 0, "percent_statements_covered": 100.0, "percent_statements_covered_display": "100"}, "missing_lines": [], "excluded_lines": [], "start_line": 201}, "XmltvGrabberService.list_grabber_configs": {"executed_lines": [216, 218, 219, 221, 222, 223, 224, 225, 236], "summary": {"covered_lines": 9, "num_statements": 11, "percent_covered": 81.81818181818181, "percent_covered_display": "82", "missing_lines": 2, "excluded_lines": 0, "percent_statements_covered": 81.81818181818181, "percent_statements_covered_display": "82"}, "missing_lines": [233, 234], "excluded_lines": [], "start_line": 206}, "XmltvGrabberService.delete_grabber_config": {"executed_lines": [249, 251, 252, 254, 255, 256, 257], "summary": {"covered_lines": 7, "num_statements": 9, "percent_covered": 77.77777777777777, "percent_covered_display": "78", "missing_lines": 2, "excluded_lines": 0, "percent_statements_covered": 77.77777777777777, "percent_statements_covered_display": "78"}, "missing_lines": [258, 259], "excluded_lines": [], "start_line": 239}, "XmltvGrabberService.run_grabber": {"executed_lines": [284, 285, 286, 288, 291, 299, 302, 306, 310, 313, 315, 316, 322, 323, 324, 327, 328, 330, 331, 332, 334, 335], "summary": {"covered_lines": 22, "num_statements": 33, "percent_covered": 66.66666666666667, "percent_covered_display": "67", "missing_lines": 11, "excluded_lines": 0, "percent_statements_covered": 66.66666666666667, "percent_statements_covered_display": "67"}, "missing_lines": [292, 293, 294, 296, 303, 307, 311, 325, 326, 336, 337], "excluded_lines": [], "start_line": 262}, "XmltvGrabberService.get_grabber_channels": {"executed_lines": [354, 355, 356, 358, 360, 365, 366, 372, 374, 375], "summary": {"covered_lines": 10, "num_statements": 19, "percent_covered": 52.63157894736842, "percent_covered_display": "53", "missing_lines": 9, "excluded_lines": 0, "percent_statements_covered": 52.63157894736842, "percent_statements_covered_display": "53"}, "missing_lines": [361, 362, 363, 377, 378, 380, 381, 382, 383], "excluded_lines": [], "start_line": 340}, "XmltvGrabberService._parse_channel_list": {"executed_lines": [396, 398, 400, 401, 403, 404, 405, 406, 408, 409, 410, 411, 413, 414, 415, 416, 418, 426, 427, 429], "summary": {"covered_lines": 20, "num_statements": 20, "percent_covered": 100.0, "percent_covered_display": "100", "missing_lines": 0, "excluded_lines": 0, "percent_statements_covered": 100.0, "percent_statements_covered_display": "100"}, "missing_lines": [], "excluded_lines": [], "start_line": 386}, "XmltvGrabberService.test_grabber": {"executed_lines": [443, 453, 455, 456, 458, 459, 462, 468, 469, 470, 472, 473, 475, 476, 480, 482], "summary": {"covered_lines": 16, "num_statements": 18, "percent_covered": 88.88888888888889, "percent_covered_display": "89", "missing_lines": 2, "excluded_lines": 0, "percent_statements_covered": 88.88888888888889, "percent_statements_covered_display": "89"}, "missing_lines": [477, 478], "excluded_lines": [], "start_line": 432}, "": {"executed_lines": [13, 14, 15, 16, 17, 18, 19, 21, 25, 31, 32, 41, 42, 51, 54, 55, 89, 90, 137, 138, 154, 155, 200, 201, 205, 206, 238, 239, 261, 262, 339, 340, 385, 386, 431, 432], "summary": {"covered_lines": 36, "num_statements": 36, "percent_covered": 100.0, "percent_covered_display": "100", "missing_lines": 0, "excluded_lines": 0, "percent_statements_covered": 100.0, "percent_statements_covered_display": "100"}, "missing_lines": [], "excluded_lines": [], "start_line": 1}}, "classes": {"XmltvGrabber": {"executed_lines": [], "summary": {"covered_lines": 0, "num_statements": 0, "percent_covered": 100.0, "percent_covered_display": "100", "missing_lines": 0, "excluded_lines": 0, "percent_statements_covered": 100.0, "percent_statements_covered_display": "100"}, "missing_lines": [], "excluded_lines": [], "start_line": 32}, "GrabberConfig": {"executed_lines": [], "summary": {"covered_lines": 0, "num_statements": 0, "percent_covered": 100.0, "percent_covered_display": "100", "missing_lines": 0, "excluded_lines": 0, "percent_statements_covered": 100.0, "percent_statements_covered_display": "100"}, "missing_lines": [], "excluded_lines": [], "start_line": 42}, "XmltvGrabberService": {"executed_lines": [62, 65, 71, 72, 73, 75, 76, 77, 78, 79, 80, 81, 84, 86, 87, 101, 102, 104, 106, 112, 113, 114, 115, 117, 119, 125, 126, 127, 128, 130, 148, 149, 150, 151, 152, 174, 175, 176, 179, 181, 183, 185, 186, 187, 188, 193, 194, 203, 216, 218, 219, 221, 222, 223, 224, 225, 236, 249, 251, 252, 254, 255, 256, 257, 284, 285, 286, 288, 291, 299, 302, 306, 310, 313, 315, 316, 322, 323, 324, 327, 328, 330, 331, 332, 334, 335, 354, 355, 356, 358, 360, 365, 366, 372, 374, 375, 396, 398, 400, 401, 403, 404, 405, 406, 408, 409, 410, 411, 413, 414, 415, 416, 418, 426, 427, 429, 443, 453, 455, 456, 458, 459, 462, 468, 469, 470, 472, 473, 475, 476, 480, 482], "summary": {"covered_lines": 132, "num_statements": 161, "percent_covered": 81.98757763975155, "percent_covered_display": "82", "missing_lines": 29, "excluded_lines": 0, "percent_statements_covered": 81.98757763975155, "percent_statements_covered_display": "82"}, "missing_lines": [189, 190, 198, 233, 234, 258, 259, 292, 293, 294, 296, 303, 307, 311, 325, 326, 336, 337, 361, 362, 363, 377, 378, 380, 381, 382, 383, 477, 478], "excluded_lines": [], "start_line": 51}, "": {"executed_lines": [13, 14, 15, 16, 17, 18, 19, 21, 25, 31, 32, 41, 42, 51, 54, 55, 89, 90, 137, 138, 154, 155, 200, 201, 205, 206, 238, 239, 261, 262, 339, 340, 385, 386, 431, 432], "summary": {"covered_lines": 36, "num_statements": 36, "percent_covered": 100.0, "percent_covered_display": "100", "missing_lines": 0, "excluded_lines": 0, "percent_statements_covered": 100.0, "percent_statements_covered_display": "100"}, "missing_lines": [], "excluded_lines": [], "start_line": 1}}}}, "totals": {"covered_lines": 11710, "num_statements": 14752, "percent_covered": 79.3790672451193, "percent_covered_display": "79", "missing_lines": 3042, "excluded_lines": 139, "percent_statements_covered": 79.3790672451193, "percent_statements_covered_display": "79"}}